<?xml version="1.0" encoding="UTF-8"?>
<testsuite xmlns:xsi="http://www.w3.org/2001/XMLSchema-instance" xsi:noNamespaceSchemaLocation="https://maven.apache.org/surefire/maven-surefire-plugin/xsd/surefire-test-report-3.0.xsd" version="3.0" name="Runner" time="6.885" tests="4" errors="0" skipped="0" failures="0">
  <properties>
[...]
</properties>
  <testcase name="[1.1:20] Create user using JSON file data" classname="features/userdata" time="1.462">
    <system-out><![CDATA[01:35:18.200 [main] INFO com.intuit.karate.Runner -- using system property 'karate.options': --tags @hcm2
01:35:18.964 [main] DEBUG com.intuit.karate.Suite -- [config] classpath:karate-config.js
01:35:19.897 [main] DEBUG com.jayway.jsonpath.internal.path.CompiledPath -- Evaluating path: $
01:35:19.978 [main] INFO com.intuit.karate -- [print] {
  "name": "Leanne Graham",
  "username": "Bret",
  "email": "Sincere@april.biz",
  "phone_no": "123"
}
 
01:35:20.010 [main] DEBUG io.netty.util.internal.logging.InternalLoggerFactory -- Using SLF4J as the default logging framework
01:35:20.010 [main] DEBUG io.netty.util.internal.PlatformDependent0 -- -Dio.netty.noUnsafe: false
01:35:20.010 [main] DEBUG io.netty.util.internal.PlatformDependent0 -- Java version: 17
01:35:20.014 [main] DEBUG io.netty.util.internal.PlatformDependent0 -- sun.misc.Unsafe.theUnsafe: available
01:35:20.014 [main] DEBUG io.netty.util.internal.PlatformDependent0 -- sun.misc.Unsafe.copyMemory: available
01:35:20.014 [main] DEBUG io.netty.util.internal.PlatformDependent0 -- sun.misc.Unsafe.storeFence: available
01:35:20.014 [main] DEBUG io.netty.util.internal.PlatformDependent0 -- java.nio.Buffer.address: available
01:35:20.014 [main] DEBUG io.netty.util.internal.PlatformDependent0 -- direct buffer constructor: unavailable: Reflective setAccessible(true) disabled
01:35:20.014 [main] DEBUG io.netty.util.internal.PlatformDependent0 -- java.nio.Bits.unaligned: available, true
01:35:20.014 [main] DEBUG io.netty.util.internal.PlatformDependent0 -- jdk.internal.misc.Unsafe.allocateUninitializedArray(int): unavailable: class io.netty.util.internal.PlatformDependent0$7 cannot access class jdk.internal.misc.Unsafe (in module java.base) because module java.base does not export jdk.internal.misc to unnamed module @2fd66ad3
01:35:20.018 [main] DEBUG io.netty.util.internal.PlatformDependent0 -- java.nio.DirectByteBuffer.<init>(long, {int,long}): unavailable
01:35:20.018 [main] DEBUG io.netty.util.internal.PlatformDependent -- sun.misc.Unsafe: available
01:35:20.019 [main] DEBUG io.netty.util.internal.PlatformDependent -- maxDirectMemory: 1986002944 bytes (maybe)
01:35:20.019 [main] DEBUG io.netty.util.internal.PlatformDependent -- -Dio.netty.tmpdir: C:\Users\user\AppData\Local\Temp (java.io.tmpdir)
01:35:20.019 [main] DEBUG io.netty.util.internal.PlatformDependent -- -Dio.netty.bitMode: 64 (sun.arch.data.model)
01:35:20.019 [main] DEBUG io.netty.util.internal.PlatformDependent -- Platform: Windows
01:35:20.019 [main] DEBUG io.netty.util.internal.PlatformDependent -- -Dio.netty.maxDirectMemory: -1 bytes
01:35:20.019 [main] DEBUG io.netty.util.internal.PlatformDependent -- -Dio.netty.uninitializedArrayAllocationThreshold: -1
01:35:20.024 [main] DEBUG io.netty.util.internal.CleanerJava9 -- java.nio.ByteBuffer.cleaner(): available
01:35:20.024 [main] DEBUG io.netty.util.internal.PlatformDependent -- -Dio.netty.noPreferDirect: false
01:35:20.292 [main] DEBUG org.apache.http.client.protocol.RequestAddCookies -- CookieSpec selected: karate
01:35:20.296 [main] DEBUG org.apache.http.client.protocol.RequestAuthCache -- Auth cache not set in the context
01:35:20.298 [main] DEBUG com.intuit.karate -- request:
1 > POST https://jsonplaceholder.typicode.com/users
1 > Content-Type: application/json; charset=UTF-8
1 > Content-Length: 87
1 > Host: jsonplaceholder.typicode.com
1 > Connection: Keep-Alive
1 > User-Agent: Apache-HttpClient/4.5.14 (Java/17.0.12)
1 > Accept-Encoding: gzip,deflate
{"name":"Leanne Graham","username":"Bret","email":"Sincere@april.biz","phone_no":"123"}

01:35:20.298 [main] DEBUG org.apache.http.impl.conn.PoolingHttpClientConnectionManager -- Connection request: [route: {s}->https://jsonplaceholder.typicode.com:443][total available: 0; route allocated: 0 of 5; total allocated: 0 of 10]
01:35:20.305 [main] DEBUG org.apache.http.impl.conn.PoolingHttpClientConnectionManager -- Connection leased: [id: 0][route: {s}->https://jsonplaceholder.typicode.com:443][total available: 0; route allocated: 1 of 5; total allocated: 1 of 10]
01:35:20.305 [main] DEBUG org.apache.http.impl.execchain.MainClientExec -- Opening connection {s}->https://jsonplaceholder.typicode.com:443
01:35:20.420 [main] DEBUG org.apache.http.impl.conn.DefaultHttpClientConnectionOperator -- Connecting to jsonplaceholder.typicode.com/172.67.167.151:443
01:35:20.420 [main] DEBUG org.apache.http.conn.ssl.SSLConnectionSocketFactory -- Connecting socket to jsonplaceholder.typicode.com/172.67.167.151:443 with timeout 30000
01:35:20.614 [main] DEBUG org.apache.http.conn.ssl.SSLConnectionSocketFactory -- Enabled protocols: [TLSv1.3, TLSv1.2]
01:35:20.614 [main] DEBUG org.apache.http.conn.ssl.SSLConnectionSocketFactory -- Enabled cipher suites:[TLS_AES_256_GCM_SHA384, TLS_AES_128_GCM_SHA256, TLS_CHACHA20_POLY1305_SHA256, TLS_ECDHE_ECDSA_WITH_AES_256_GCM_SHA384, TLS_ECDHE_ECDSA_WITH_AES_128_GCM_SHA256, TLS_ECDHE_ECDSA_WITH_CHACHA20_POLY1305_SHA256, TLS_ECDHE_RSA_WITH_AES_256_GCM_SHA384, TLS_ECDHE_RSA_WITH_CHACHA20_POLY1305_SHA256, TLS_ECDHE_RSA_WITH_AES_128_GCM_SHA256, TLS_DHE_RSA_WITH_AES_256_GCM_SHA384, TLS_DHE_RSA_WITH_CHACHA20_POLY1305_SHA256, TLS_DHE_DSS_WITH_AES_256_GCM_SHA384, TLS_DHE_RSA_WITH_AES_128_GCM_SHA256, TLS_DHE_DSS_WITH_AES_128_GCM_SHA256, TLS_ECDHE_ECDSA_WITH_AES_256_CBC_SHA384, TLS_ECDHE_RSA_WITH_AES_256_CBC_SHA384, TLS_ECDHE_ECDSA_WITH_AES_128_CBC_SHA256, TLS_ECDHE_RSA_WITH_AES_128_CBC_SHA256, TLS_DHE_RSA_WITH_AES_256_CBC_SHA256, TLS_DHE_DSS_WITH_AES_256_CBC_SHA256, TLS_DHE_RSA_WITH_AES_128_CBC_SHA256, TLS_DHE_DSS_WITH_AES_128_CBC_SHA256, TLS_ECDH_ECDSA_WITH_AES_256_GCM_SHA384, TLS_ECDH_RSA_WITH_AES_256_GCM_SHA384, TLS_ECDH_ECDSA_WITH_AES_128_GCM_SHA256, TLS_ECDH_RSA_WITH_AES_128_GCM_SHA256, TLS_ECDH_ECDSA_WITH_AES_256_CBC_SHA384, TLS_ECDH_RSA_WITH_AES_256_CBC_SHA384, TLS_ECDH_ECDSA_WITH_AES_128_CBC_SHA256, TLS_ECDH_RSA_WITH_AES_128_CBC_SHA256, TLS_ECDHE_ECDSA_WITH_AES_256_CBC_SHA, TLS_ECDHE_RSA_WITH_AES_256_CBC_SHA, TLS_ECDHE_ECDSA_WITH_AES_128_CBC_SHA, TLS_ECDHE_RSA_WITH_AES_128_CBC_SHA, TLS_DHE_RSA_WITH_AES_256_CBC_SHA, TLS_DHE_DSS_WITH_AES_256_CBC_SHA, TLS_DHE_RSA_WITH_AES_128_CBC_SHA, TLS_DHE_DSS_WITH_AES_128_CBC_SHA, TLS_ECDH_ECDSA_WITH_AES_256_CBC_SHA, TLS_ECDH_RSA_WITH_AES_256_CBC_SHA, TLS_ECDH_ECDSA_WITH_AES_128_CBC_SHA, TLS_ECDH_RSA_WITH_AES_128_CBC_SHA, TLS_RSA_WITH_AES_256_GCM_SHA384, TLS_RSA_WITH_AES_128_GCM_SHA256, TLS_RSA_WITH_AES_256_CBC_SHA256, TLS_RSA_WITH_AES_128_CBC_SHA256, TLS_RSA_WITH_AES_256_CBC_SHA, TLS_RSA_WITH_AES_128_CBC_SHA, TLS_EMPTY_RENEGOTIATION_INFO_SCSV]
01:35:20.614 [main] DEBUG org.apache.http.conn.ssl.SSLConnectionSocketFactory -- Starting handshake
01:35:20.965 [main] DEBUG org.apache.http.conn.ssl.SSLConnectionSocketFactory -- Secure session established
01:35:20.965 [main] DEBUG org.apache.http.conn.ssl.SSLConnectionSocketFactory --  negotiated protocol: TLSv1.3
01:35:20.965 [main] DEBUG org.apache.http.conn.ssl.SSLConnectionSocketFactory --  negotiated cipher suite: TLS_AES_256_GCM_SHA384
01:35:20.965 [main] DEBUG org.apache.http.conn.ssl.SSLConnectionSocketFactory --  peer principal: CN=typicode.com
01:35:20.965 [main] DEBUG org.apache.http.conn.ssl.SSLConnectionSocketFactory --  peer alternative names: [typicode.com, *.typicode.com]
01:35:20.965 [main] DEBUG org.apache.http.conn.ssl.SSLConnectionSocketFactory --  issuer principal: CN=WE1, O=Google Trust Services, C=US
01:35:20.965 [main] DEBUG org.apache.http.impl.conn.DefaultHttpClientConnectionOperator -- Connection established 10.47.147.130:59814<->172.67.167.151:443
01:35:20.965 [main] DEBUG org.apache.http.impl.conn.DefaultManagedHttpClientConnection -- http-outgoing-0: set socket timeout to 30000
01:35:20.978 [main] DEBUG org.apache.http.impl.execchain.MainClientExec -- Executing request POST /users HTTP/1.1
01:35:20.978 [main] DEBUG org.apache.http.impl.execchain.MainClientExec -- Target auth state: UNCHALLENGED
01:35:20.978 [main] DEBUG org.apache.http.impl.execchain.MainClientExec -- Proxy auth state: UNCHALLENGED
01:35:20.978 [main] DEBUG org.apache.http.headers -- http-outgoing-0 >> POST /users HTTP/1.1
01:35:20.978 [main] DEBUG org.apache.http.headers -- http-outgoing-0 >> Content-Type: application/json; charset=UTF-8
01:35:20.978 [main] DEBUG org.apache.http.headers -- http-outgoing-0 >> Content-Length: 87
01:35:20.978 [main] DEBUG org.apache.http.headers -- http-outgoing-0 >> Host: jsonplaceholder.typicode.com
01:35:20.978 [main] DEBUG org.apache.http.headers -- http-outgoing-0 >> Connection: Keep-Alive
01:35:20.978 [main] DEBUG org.apache.http.headers -- http-outgoing-0 >> User-Agent: Apache-HttpClient/4.5.14 (Java/17.0.12)
01:35:20.978 [main] DEBUG org.apache.http.headers -- http-outgoing-0 >> Accept-Encoding: gzip,deflate
01:35:20.978 [main] DEBUG org.apache.http.wire -- http-outgoing-0 >> "POST /users HTTP/1.1[\r][\n]"
01:35:20.978 [main] DEBUG org.apache.http.wire -- http-outgoing-0 >> "Content-Type: application/json; charset=UTF-8[\r][\n]"
01:35:20.978 [main] DEBUG org.apache.http.wire -- http-outgoing-0 >> "Content-Length: 87[\r][\n]"
01:35:20.978 [main] DEBUG org.apache.http.wire -- http-outgoing-0 >> "Host: jsonplaceholder.typicode.com[\r][\n]"
01:35:20.978 [main] DEBUG org.apache.http.wire -- http-outgoing-0 >> "Connection: Keep-Alive[\r][\n]"
01:35:20.978 [main] DEBUG org.apache.http.wire -- http-outgoing-0 >> "User-Agent: Apache-HttpClient/4.5.14 (Java/17.0.12)[\r][\n]"
01:35:20.978 [main] DEBUG org.apache.http.wire -- http-outgoing-0 >> "Accept-Encoding: gzip,deflate[\r][\n]"
01:35:20.978 [main] DEBUG org.apache.http.wire -- http-outgoing-0 >> "[\r][\n]"
01:35:20.978 [main] DEBUG org.apache.http.wire -- http-outgoing-0 >> "{"name":"Leanne Graham","username":"Bret","email":"Sincere@april.biz","phone_no":"123"}"
01:35:21.313 [main] DEBUG org.apache.http.wire -- http-outgoing-0 << "HTTP/1.1 201 Created[\r][\n]"
01:35:21.313 [main] DEBUG org.apache.http.wire -- http-outgoing-0 << "Date: Sun, 23 Nov 2025 20:05:22 GMT[\r][\n]"
01:35:21.313 [main] DEBUG org.apache.http.wire -- http-outgoing-0 << "Content-Type: application/json; charset=utf-8[\r][\n]"
01:35:21.313 [main] DEBUG org.apache.http.wire -- http-outgoing-0 << "Content-Length: 116[\r][\n]"
01:35:21.313 [main] DEBUG org.apache.http.wire -- http-outgoing-0 << "Connection: keep-alive[\r][\n]"
01:35:21.313 [main] DEBUG org.apache.http.wire -- http-outgoing-0 << "access-control-allow-credentials: true[\r][\n]"
01:35:21.313 [main] DEBUG org.apache.http.wire -- http-outgoing-0 << "access-control-expose-headers: Location[\r][\n]"
01:35:21.320 [main] DEBUG org.apache.http.wire -- http-outgoing-0 << "Cache-Control: no-cache[\r][\n]"
01:35:21.320 [main] DEBUG org.apache.http.wire -- http-outgoing-0 << "etag: W/"74-eXaJET94djsciPGL2L8WvR4bB7c"[\r][\n]"
01:35:21.320 [main] DEBUG org.apache.http.wire -- http-outgoing-0 << "expires: -1[\r][\n]"
01:35:21.320 [main] DEBUG org.apache.http.wire -- http-outgoing-0 << "location: https://jsonplaceholder.typicode.com/users/11[\r][\n]"
01:35:21.320 [main] DEBUG org.apache.http.wire -- http-outgoing-0 << "nel: {"report_to":"heroku-nel","response_headers":["Via"],"max_age":3600,"success_fraction":0.01,"failure_fraction":0.1}[\r][\n]"
01:35:21.320 [main] DEBUG org.apache.http.wire -- http-outgoing-0 << "pragma: no-cache[\r][\n]"
01:35:21.320 [main] DEBUG org.apache.http.wire -- http-outgoing-0 << "report-to: {"group":"heroku-nel","endpoints":[{"url":"https://nel.heroku.com/reports?s=Sv2%2FRRfxox8BuFJaSjlTEbQ84f1DExiEr23QqVG7948%3D\u0026sid=e11707d5-02a7-43ef-b45e-2cf4d2036f7d\u0026ts=1763928322"}],"max_age":3600}[\r][\n]"
01:35:21.320 [main] DEBUG org.apache.http.wire -- http-outgoing-0 << "reporting-endpoints: heroku-nel="https://nel.heroku.com/reports?s=Sv2%2FRRfxox8BuFJaSjlTEbQ84f1DExiEr23QqVG7948%3D&sid=e11707d5-02a7-43ef-b45e-2cf4d2036f7d&ts=1763928322"[\r][\n]"
01:35:21.320 [main] DEBUG org.apache.http.wire -- http-outgoing-0 << "Server: cloudflare[\r][\n]"
01:35:21.320 [main] DEBUG org.apache.http.wire -- http-outgoing-0 << "vary: Origin, X-HTTP-Method-Override, Accept-Encoding[\r][\n]"
01:35:21.320 [main] DEBUG org.apache.http.wire -- http-outgoing-0 << "via: 2.0 heroku-router[\r][\n]"
01:35:21.320 [main] DEBUG org.apache.http.wire -- http-outgoing-0 << "x-content-type-options: nosniff[\r][\n]"
01:35:21.320 [main] DEBUG org.apache.http.wire -- http-outgoing-0 << "x-powered-by: Express[\r][\n]"
01:35:21.320 [main] DEBUG org.apache.http.wire -- http-outgoing-0 << "x-ratelimit-limit: 1000[\r][\n]"
01:35:21.320 [main] DEBUG org.apache.http.wire -- http-outgoing-0 << "x-ratelimit-remaining: 999[\r][\n]"
01:35:21.320 [main] DEBUG org.apache.http.wire -- http-outgoing-0 << "x-ratelimit-reset: 1763928354[\r][\n]"
01:35:21.320 [main] DEBUG org.apache.http.wire -- http-outgoing-0 << "cf-cache-status: DYNAMIC[\r][\n]"
01:35:21.320 [main] DEBUG org.apache.http.wire -- http-outgoing-0 << "Server-Timing: cfCacheStatus;desc="DYNAMIC"[\r][\n]"
01:35:21.320 [main] DEBUG org.apache.http.wire -- http-outgoing-0 << "Server-Timing: cfEdge;dur=3,cfOrigin;dur=225[\r][\n]"
01:35:21.320 [main] DEBUG org.apache.http.wire -- http-outgoing-0 << "CF-RAY: 9a3347ec4c53fdab-SIN[\r][\n]"
01:35:21.320 [main] DEBUG org.apache.http.wire -- http-outgoing-0 << "alt-svc: h3=":443"; ma=86400[\r][\n]"
01:35:21.320 [main] DEBUG org.apache.http.wire -- http-outgoing-0 << "[\r][\n]"
01:35:21.320 [main] DEBUG org.apache.http.wire -- http-outgoing-0 << "{[\n]"
01:35:21.320 [main] DEBUG org.apache.http.wire -- http-outgoing-0 << "  "name": "Leanne Graham",[\n]"
01:35:21.320 [main] DEBUG org.apache.http.wire -- http-outgoing-0 << "  "username": "Bret""
01:35:21.320 [main] DEBUG org.apache.http.headers -- http-outgoing-0 << HTTP/1.1 201 Created
01:35:21.320 [main] DEBUG org.apache.http.headers -- http-outgoing-0 << Date: Sun, 23 Nov 2025 20:05:22 GMT
01:35:21.320 [main] DEBUG org.apache.http.headers -- http-outgoing-0 << Content-Type: application/json; charset=utf-8
01:35:21.320 [main] DEBUG org.apache.http.headers -- http-outgoing-0 << Content-Length: 116
01:35:21.320 [main] DEBUG org.apache.http.headers -- http-outgoing-0 << Connection: keep-alive
01:35:21.320 [main] DEBUG org.apache.http.headers -- http-outgoing-0 << access-control-allow-credentials: true
01:35:21.320 [main] DEBUG org.apache.http.headers -- http-outgoing-0 << access-control-expose-headers: Location
01:35:21.320 [main] DEBUG org.apache.http.headers -- http-outgoing-0 << Cache-Control: no-cache
01:35:21.320 [main] DEBUG org.apache.http.headers -- http-outgoing-0 << etag: W/"74-eXaJET94djsciPGL2L8WvR4bB7c"
01:35:21.320 [main] DEBUG org.apache.http.headers -- http-outgoing-0 << expires: -1
01:35:21.320 [main] DEBUG org.apache.http.headers -- http-outgoing-0 << location: https://jsonplaceholder.typicode.com/users/11
01:35:21.320 [main] DEBUG org.apache.http.headers -- http-outgoing-0 << nel: {"report_to":"heroku-nel","response_headers":["Via"],"max_age":3600,"success_fraction":0.01,"failure_fraction":0.1}
01:35:21.320 [main] DEBUG org.apache.http.headers -- http-outgoing-0 << pragma: no-cache
01:35:21.320 [main] DEBUG org.apache.http.headers -- http-outgoing-0 << report-to: {"group":"heroku-nel","endpoints":[{"url":"https://nel.heroku.com/reports?s=Sv2%2FRRfxox8BuFJaSjlTEbQ84f1DExiEr23QqVG7948%3D\u0026sid=e11707d5-02a7-43ef-b45e-2cf4d2036f7d\u0026ts=1763928322"}],"max_age":3600}
01:35:21.320 [main] DEBUG org.apache.http.headers -- http-outgoing-0 << reporting-endpoints: heroku-nel="https://nel.heroku.com/reports?s=Sv2%2FRRfxox8BuFJaSjlTEbQ84f1DExiEr23QqVG7948%3D&sid=e11707d5-02a7-43ef-b45e-2cf4d2036f7d&ts=1763928322"
01:35:21.320 [main] DEBUG org.apache.http.headers -- http-outgoing-0 << Server: cloudflare
01:35:21.320 [main] DEBUG org.apache.http.headers -- http-outgoing-0 << vary: Origin, X-HTTP-Method-Override, Accept-Encoding
01:35:21.320 [main] DEBUG org.apache.http.headers -- http-outgoing-0 << via: 2.0 heroku-router
01:35:21.320 [main] DEBUG org.apache.http.headers -- http-outgoing-0 << x-content-type-options: nosniff
01:35:21.320 [main] DEBUG org.apache.http.headers -- http-outgoing-0 << x-powered-by: Express
01:35:21.320 [main] DEBUG org.apache.http.headers -- http-outgoing-0 << x-ratelimit-limit: 1000
01:35:21.320 [main] DEBUG org.apache.http.headers -- http-outgoing-0 << x-ratelimit-remaining: 999
01:35:21.320 [main] DEBUG org.apache.http.headers -- http-outgoing-0 << x-ratelimit-reset: 1763928354
01:35:21.320 [main] DEBUG org.apache.http.headers -- http-outgoing-0 << cf-cache-status: DYNAMIC
01:35:21.320 [main] DEBUG org.apache.http.headers -- http-outgoing-0 << Server-Timing: cfCacheStatus;desc="DYNAMIC"
01:35:21.320 [main] DEBUG org.apache.http.headers -- http-outgoing-0 << Server-Timing: cfEdge;dur=3,cfOrigin;dur=225
01:35:21.320 [main] DEBUG org.apache.http.headers -- http-outgoing-0 << CF-RAY: 9a3347ec4c53fdab-SIN
01:35:21.320 [main] DEBUG org.apache.http.headers -- http-outgoing-0 << alt-svc: h3=":443"; ma=86400
01:35:21.320 [main] DEBUG org.apache.http.impl.execchain.MainClientExec -- Connection can be kept alive indefinitely
01:35:21.328 [main] DEBUG org.apache.http.wire -- http-outgoing-0 << ",[\n]"
01:35:21.328 [main] DEBUG org.apache.http.wire -- http-outgoing-0 << "  "email": "Sincere@april.biz",[\n]"
01:35:21.328 [main] DEBUG org.apache.http.wire -- http-outgoing-0 << "  "phone_no": "123",[\n]"
01:35:21.328 [main] DEBUG org.apache.http.wire -- http-outgoing-0 << "  "id": 11[\n]"
01:35:21.328 [main] DEBUG org.apache.http.wire -- http-outgoing-0 << "}"
01:35:21.328 [main] DEBUG org.apache.http.impl.conn.PoolingHttpClientConnectionManager -- Connection [id: 0][route: {s}->https://jsonplaceholder.typicode.com:443] can be kept alive indefinitely
01:35:21.328 [main] DEBUG org.apache.http.impl.conn.DefaultManagedHttpClientConnection -- http-outgoing-0: set socket timeout to 0
01:35:21.328 [main] DEBUG org.apache.http.impl.conn.PoolingHttpClientConnectionManager -- Connection released: [id: 0][route: {s}->https://jsonplaceholder.typicode.com:443][total available: 1; route allocated: 1 of 5; total allocated: 1 of 10]
01:35:21.328 [main] DEBUG org.apache.http.impl.conn.PoolingHttpClientConnectionManager -- Connection manager is shutting down
01:35:21.329 [main] DEBUG org.apache.http.impl.conn.DefaultManagedHttpClientConnection -- http-outgoing-0: Close connection
01:35:21.329 [main] DEBUG org.apache.http.impl.conn.PoolingHttpClientConnectionManager -- Connection manager shut down
01:35:21.329 [main] DEBUG com.intuit.karate -- response time in milliseconds: 1030
1 < 201
1 < Date: Sun, 23 Nov 2025 20:05:22 GMT
1 < Content-Type: application/json; charset=utf-8
1 < Content-Length: 116
1 < Connection: keep-alive
1 < access-control-allow-credentials: true
1 < access-control-expose-headers: Location
1 < Cache-Control: no-cache
1 < etag: W/"74-eXaJET94djsciPGL2L8WvR4bB7c"
1 < expires: -1
1 < location: https://jsonplaceholder.typicode.com/users/11
1 < nel: {"report_to":"heroku-nel","response_headers":["Via"],"max_age":3600,"success_fraction":0.01,"failure_fraction":0.1}
1 < pragma: no-cache
1 < report-to: {"group":"heroku-nel","endpoints":[{"url":"https://nel.heroku.com/reports?s=Sv2%2FRRfxox8BuFJaSjlTEbQ84f1DExiEr23QqVG7948%3D\u0026sid=e11707d5-02a7-43ef-b45e-2cf4d2036f7d\u0026ts=1763928322"}],"max_age":3600}
1 < reporting-endpoints: heroku-nel="https://nel.heroku.com/reports?s=Sv2%2FRRfxox8BuFJaSjlTEbQ84f1DExiEr23QqVG7948%3D&sid=e11707d5-02a7-43ef-b45e-2cf4d2036f7d&ts=1763928322"
1 < Server: cloudflare
1 < vary: Origin, X-HTTP-Method-Override, Accept-Encoding
1 < via: 2.0 heroku-router
1 < x-content-type-options: nosniff
1 < x-powered-by: Express
1 < x-ratelimit-limit: 1000
1 < x-ratelimit-remaining: 999
1 < x-ratelimit-reset: 1763928354
1 < cf-cache-status: DYNAMIC
1 < Server-Timing: cfCacheStatus;desc="DYNAMIC"
1 < Server-Timing: cfEdge;dur=3,cfOrigin;dur=225
1 < CF-RAY: 9a3347ec4c53fdab-SIN
1 < alt-svc: h3=":443"; ma=86400
{
  "name": "Leanne Graham",
  "username": "Bret",
  "email": "Sincere@april.biz",
  "phone_no": "123",
  "id": 11
}

01:35:21.344 [main] DEBUG com.jayway.jsonpath.internal.path.CompiledPath -- Evaluating path: $['name']
01:35:21.354 [main] DEBUG com.jayway.jsonpath.internal.path.CompiledPath -- Evaluating path: $['username']
01:35:21.356 [main] DEBUG com.jayway.jsonpath.internal.path.CompiledPath -- Evaluating path: $['email']
01:35:21.359 [main] DEBUG com.jayway.jsonpath.internal.path.CompiledPath -- Evaluating path: $['phone_no']
]]></system-out>
  </testcase>
  <testcase name="[1.2:20] Create user using JSON file data" classname="features/userdata" time="0.685">
    <system-out><![CDATA[01:35:21.387 [main] INFO com.intuit.karate -- [print] {
  "name": "Ervin Howell",
  "username": "Antonette",
  "email": "Shanna@melissa.tv",
  "phone_no": "256"
}
 
01:35:21.387 [main] DEBUG org.apache.http.client.protocol.RequestAddCookies -- CookieSpec selected: karate
01:35:21.387 [main] DEBUG org.apache.http.client.protocol.RequestAuthCache -- Auth cache not set in the context
01:35:21.387 [main] DEBUG com.intuit.karate -- request:
1 > POST https://jsonplaceholder.typicode.com/users
1 > Content-Type: application/json; charset=UTF-8
1 > Content-Length: 91
1 > Host: jsonplaceholder.typicode.com
1 > Connection: Keep-Alive
1 > User-Agent: Apache-HttpClient/4.5.14 (Java/17.0.12)
1 > Accept-Encoding: gzip,deflate
{"name":"Ervin Howell","username":"Antonette","email":"Shanna@melissa.tv","phone_no":"256"}

01:35:21.387 [main] DEBUG org.apache.http.impl.conn.PoolingHttpClientConnectionManager -- Connection request: [route: {s}->https://jsonplaceholder.typicode.com:443][total available: 0; route allocated: 0 of 5; total allocated: 0 of 10]
01:35:21.387 [main] DEBUG org.apache.http.impl.conn.PoolingHttpClientConnectionManager -- Connection leased: [id: 1][route: {s}->https://jsonplaceholder.typicode.com:443][total available: 0; route allocated: 1 of 5; total allocated: 1 of 10]
01:35:21.387 [main] DEBUG org.apache.http.impl.execchain.MainClientExec -- Opening connection {s}->https://jsonplaceholder.typicode.com:443
01:35:21.387 [main] DEBUG org.apache.http.impl.conn.DefaultHttpClientConnectionOperator -- Connecting to jsonplaceholder.typicode.com/172.67.167.151:443
01:35:21.387 [main] DEBUG org.apache.http.conn.ssl.SSLConnectionSocketFactory -- Connecting socket to jsonplaceholder.typicode.com/172.67.167.151:443 with timeout 30000
01:35:21.474 [main] DEBUG org.apache.http.conn.ssl.SSLConnectionSocketFactory -- Enabled protocols: [TLSv1.3, TLSv1.2]
01:35:21.474 [main] DEBUG org.apache.http.conn.ssl.SSLConnectionSocketFactory -- Enabled cipher suites:[TLS_AES_256_GCM_SHA384, TLS_AES_128_GCM_SHA256, TLS_CHACHA20_POLY1305_SHA256, TLS_ECDHE_ECDSA_WITH_AES_256_GCM_SHA384, TLS_ECDHE_ECDSA_WITH_AES_128_GCM_SHA256, TLS_ECDHE_ECDSA_WITH_CHACHA20_POLY1305_SHA256, TLS_ECDHE_RSA_WITH_AES_256_GCM_SHA384, TLS_ECDHE_RSA_WITH_CHACHA20_POLY1305_SHA256, TLS_ECDHE_RSA_WITH_AES_128_GCM_SHA256, TLS_DHE_RSA_WITH_AES_256_GCM_SHA384, TLS_DHE_RSA_WITH_CHACHA20_POLY1305_SHA256, TLS_DHE_DSS_WITH_AES_256_GCM_SHA384, TLS_DHE_RSA_WITH_AES_128_GCM_SHA256, TLS_DHE_DSS_WITH_AES_128_GCM_SHA256, TLS_ECDHE_ECDSA_WITH_AES_256_CBC_SHA384, TLS_ECDHE_RSA_WITH_AES_256_CBC_SHA384, TLS_ECDHE_ECDSA_WITH_AES_128_CBC_SHA256, TLS_ECDHE_RSA_WITH_AES_128_CBC_SHA256, TLS_DHE_RSA_WITH_AES_256_CBC_SHA256, TLS_DHE_DSS_WITH_AES_256_CBC_SHA256, TLS_DHE_RSA_WITH_AES_128_CBC_SHA256, TLS_DHE_DSS_WITH_AES_128_CBC_SHA256, TLS_ECDH_ECDSA_WITH_AES_256_GCM_SHA384, TLS_ECDH_RSA_WITH_AES_256_GCM_SHA384, TLS_ECDH_ECDSA_WITH_AES_128_GCM_SHA256, TLS_ECDH_RSA_WITH_AES_128_GCM_SHA256, TLS_ECDH_ECDSA_WITH_AES_256_CBC_SHA384, TLS_ECDH_RSA_WITH_AES_256_CBC_SHA384, TLS_ECDH_ECDSA_WITH_AES_128_CBC_SHA256, TLS_ECDH_RSA_WITH_AES_128_CBC_SHA256, TLS_ECDHE_ECDSA_WITH_AES_256_CBC_SHA, TLS_ECDHE_RSA_WITH_AES_256_CBC_SHA, TLS_ECDHE_ECDSA_WITH_AES_128_CBC_SHA, TLS_ECDHE_RSA_WITH_AES_128_CBC_SHA, TLS_DHE_RSA_WITH_AES_256_CBC_SHA, TLS_DHE_DSS_WITH_AES_256_CBC_SHA, TLS_DHE_RSA_WITH_AES_128_CBC_SHA, TLS_DHE_DSS_WITH_AES_128_CBC_SHA, TLS_ECDH_ECDSA_WITH_AES_256_CBC_SHA, TLS_ECDH_RSA_WITH_AES_256_CBC_SHA, TLS_ECDH_ECDSA_WITH_AES_128_CBC_SHA, TLS_ECDH_RSA_WITH_AES_128_CBC_SHA, TLS_RSA_WITH_AES_256_GCM_SHA384, TLS_RSA_WITH_AES_128_GCM_SHA256, TLS_RSA_WITH_AES_256_CBC_SHA256, TLS_RSA_WITH_AES_128_CBC_SHA256, TLS_RSA_WITH_AES_256_CBC_SHA, TLS_RSA_WITH_AES_128_CBC_SHA, TLS_EMPTY_RENEGOTIATION_INFO_SCSV]
01:35:21.474 [main] DEBUG org.apache.http.conn.ssl.SSLConnectionSocketFactory -- Starting handshake
01:35:21.615 [main] DEBUG org.apache.http.conn.ssl.SSLConnectionSocketFactory -- Secure session established
01:35:21.615 [main] DEBUG org.apache.http.conn.ssl.SSLConnectionSocketFactory --  negotiated protocol: TLSv1.3
01:35:21.615 [main] DEBUG org.apache.http.conn.ssl.SSLConnectionSocketFactory --  negotiated cipher suite: TLS_AES_256_GCM_SHA384
01:35:21.615 [main] DEBUG org.apache.http.conn.ssl.SSLConnectionSocketFactory --  peer principal: CN=typicode.com
01:35:21.615 [main] DEBUG org.apache.http.conn.ssl.SSLConnectionSocketFactory --  peer alternative names: [typicode.com, *.typicode.com]
01:35:21.615 [main] DEBUG org.apache.http.conn.ssl.SSLConnectionSocketFactory --  issuer principal: CN=WE1, O=Google Trust Services, C=US
01:35:21.615 [main] DEBUG org.apache.http.impl.conn.DefaultHttpClientConnectionOperator -- Connection established 10.47.147.130:59815<->172.67.167.151:443
01:35:21.615 [main] DEBUG org.apache.http.impl.conn.DefaultManagedHttpClientConnection -- http-outgoing-1: set socket timeout to 30000
01:35:21.615 [main] DEBUG org.apache.http.impl.execchain.MainClientExec -- Executing request POST /users HTTP/1.1
01:35:21.615 [main] DEBUG org.apache.http.impl.execchain.MainClientExec -- Target auth state: UNCHALLENGED
01:35:21.615 [main] DEBUG org.apache.http.impl.execchain.MainClientExec -- Proxy auth state: UNCHALLENGED
01:35:21.615 [main] DEBUG org.apache.http.headers -- http-outgoing-1 >> POST /users HTTP/1.1
01:35:21.615 [main] DEBUG org.apache.http.headers -- http-outgoing-1 >> Content-Type: application/json; charset=UTF-8
01:35:21.615 [main] DEBUG org.apache.http.headers -- http-outgoing-1 >> Content-Length: 91
01:35:21.615 [main] DEBUG org.apache.http.headers -- http-outgoing-1 >> Host: jsonplaceholder.typicode.com
01:35:21.615 [main] DEBUG org.apache.http.headers -- http-outgoing-1 >> Connection: Keep-Alive
01:35:21.615 [main] DEBUG org.apache.http.headers -- http-outgoing-1 >> User-Agent: Apache-HttpClient/4.5.14 (Java/17.0.12)
01:35:21.615 [main] DEBUG org.apache.http.headers -- http-outgoing-1 >> Accept-Encoding: gzip,deflate
01:35:21.615 [main] DEBUG org.apache.http.wire -- http-outgoing-1 >> "POST /users HTTP/1.1[\r][\n]"
01:35:21.617 [main] DEBUG org.apache.http.wire -- http-outgoing-1 >> "Content-Type: application/json; charset=UTF-8[\r][\n]"
01:35:21.617 [main] DEBUG org.apache.http.wire -- http-outgoing-1 >> "Content-Length: 91[\r][\n]"
01:35:21.617 [main] DEBUG org.apache.http.wire -- http-outgoing-1 >> "Host: jsonplaceholder.typicode.com[\r][\n]"
01:35:21.617 [main] DEBUG org.apache.http.wire -- http-outgoing-1 >> "Connection: Keep-Alive[\r][\n]"
01:35:21.617 [main] DEBUG org.apache.http.wire -- http-outgoing-1 >> "User-Agent: Apache-HttpClient/4.5.14 (Java/17.0.12)[\r][\n]"
01:35:21.617 [main] DEBUG org.apache.http.wire -- http-outgoing-1 >> "Accept-Encoding: gzip,deflate[\r][\n]"
01:35:21.617 [main] DEBUG org.apache.http.wire -- http-outgoing-1 >> "[\r][\n]"
01:35:21.617 [main] DEBUG org.apache.http.wire -- http-outgoing-1 >> "{"name":"Ervin Howell","username":"Antonette","email":"Shanna@melissa.tv","phone_no":"256"}"
01:35:22.033 [main] DEBUG org.apache.http.wire -- http-outgoing-1 << "HTTP/1.1 201 Created[\r][\n]"
01:35:22.033 [main] DEBUG org.apache.http.wire -- http-outgoing-1 << "Date: Sun, 23 Nov 2025 20:05:22 GMT[\r][\n]"
01:35:22.033 [main] DEBUG org.apache.http.wire -- http-outgoing-1 << "Content-Type: application/json; charset=utf-8[\r][\n]"
01:35:22.033 [main] DEBUG org.apache.http.wire -- http-outgoing-1 << "Content-Length: 120[\r][\n]"
01:35:22.033 [main] DEBUG org.apache.http.wire -- http-outgoing-1 << "Connection: keep-alive[\r][\n]"
01:35:22.033 [main] DEBUG org.apache.http.wire -- http-outgoing-1 << "access-control-allow-credentials: true[\r][\n]"
01:35:22.033 [main] DEBUG org.apache.http.wire -- http-outgoing-1 << "access-control-expose-headers: Location[\r][\n]"
01:35:22.033 [main] DEBUG org.apache.http.wire -- http-outgoing-1 << "Cache-Control: no-cache[\r][\n]"
01:35:22.038 [main] DEBUG org.apache.http.wire -- http-outgoing-1 << "etag: W/"78-2A80px1YVgTyG/v6tAXUlWoVSJg"[\r][\n]"
01:35:22.038 [main] DEBUG org.apache.http.wire -- http-outgoing-1 << "expires: -1[\r][\n]"
01:35:22.038 [main] DEBUG org.apache.http.wire -- http-outgoing-1 << "location: https://jsonplaceholder.typicode.com/users/11[\r][\n]"
01:35:22.038 [main] DEBUG org.apache.http.wire -- http-outgoing-1 << "nel: {"report_to":"heroku-nel","response_headers":["Via"],"max_age":3600,"success_fraction":0.01,"failure_fraction":0.1}[\r][\n]"
01:35:22.040 [main] DEBUG org.apache.http.wire -- http-outgoing-1 << "pragma: no-cache[\r][\n]"
01:35:22.040 [main] DEBUG org.apache.http.wire -- http-outgoing-1 << "report-to: {"group":"heroku-nel","endpoints":[{"url":"https://nel.heroku.com/reports?s=Sv2%2FRRfxox8BuFJaSjlTEbQ84f1DExiEr23QqVG7948%3D\u0026sid=e11707d5-02a7-43ef-b45e-2cf4d2036f7d\u0026ts=1763928322"}],"max_age":3600}[\r][\n]"
01:35:22.042 [main] DEBUG org.apache.http.wire -- http-outgoing-1 << "reporting-endpoints: heroku-nel="https://nel.heroku.com/reports?s=Sv2%2FRRfxox8BuFJaSjlTEbQ84f1DExiEr23QqVG7948%3D&sid=e11707d5-02a7-43ef-b45e-2cf4d2036f7d&ts=1763928322"[\r][\n]"
01:35:22.042 [main] DEBUG org.apache.http.wire -- http-outgoing-1 << "Server: cloudflare[\r][\n]"
01:35:22.042 [main] DEBUG org.apache.http.wire -- http-outgoing-1 << "vary: Origin, X-HTTP-Method-Override, Accept-Encoding[\r][\n]"
01:35:22.042 [main] DEBUG org.apache.http.wire -- http-outgoing-1 << "via: 2.0 heroku-router[\r][\n]"
01:35:22.045 [main] DEBUG org.apache.http.wire -- http-outgoing-1 << "x-content-type-options: nosniff[\r][\n]"
01:35:22.045 [main] DEBUG org.apache.http.wire -- http-outgoing-1 << "x-powered-by: Express[\r][\n]"
01:35:22.045 [main] DEBUG org.apache.http.wire -- http-outgoing-1 << "x-ratelimit-limit: 1000[\r][\n]"
01:35:22.045 [main] DEBUG org.apache.http.wire -- http-outgoing-1 << "x-ratelimit-remaining: 998[\r][\n]"
01:35:22.045 [main] DEBUG org.apache.http.wire -- http-outgoing-1 << "x-ratelimit-reset: 1763928354[\r][\n]"
01:35:22.045 [main] DEBUG org.apache.http.wire -- http-outgoing-1 << "cf-cache-status: DYNAMIC[\r][\n]"
01:35:22.047 [main] DEBUG org.apache.http.wire -- http-outgoing-1 << "Server-Timing: cfCacheStatus;desc="DYNAMIC"[\r][\n]"
01:35:22.047 [main] DEBUG org.apache.http.wire -- http-outgoing-1 << "Server-Timing: cfEdge;dur=4,cfOrigin;dur=222[\r][\n]"
01:35:22.047 [main] DEBUG org.apache.http.wire -- http-outgoing-1 << "CF-RAY: 9a3347f039099caa-SIN[\r][\n]"
01:35:22.047 [main] DEBUG org.apache.http.wire -- http-outgoing-1 << "alt-svc: h3=":443"; ma=86400[\r][\n]"
01:35:22.047 [main] DEBUG org.apache.http.wire -- http-outgoing-1 << "[\r][\n]"
01:35:22.047 [main] DEBUG org.apache.http.wire -- http-outgoing-1 << "{[\n]"
01:35:22.047 [main] DEBUG org.apache.http.wire -- http-outgoing-1 << "  "name": "Ervin Howell",[\n]"
01:35:22.047 [main] DEBUG org.apache.http.wire -- http-outgoing-1 << "  "username": "Antone"
01:35:22.049 [main] DEBUG org.apache.http.headers -- http-outgoing-1 << HTTP/1.1 201 Created
01:35:22.051 [main] DEBUG org.apache.http.headers -- http-outgoing-1 << Date: Sun, 23 Nov 2025 20:05:22 GMT
01:35:22.051 [main] DEBUG org.apache.http.headers -- http-outgoing-1 << Content-Type: application/json; charset=utf-8
01:35:22.051 [main] DEBUG org.apache.http.headers -- http-outgoing-1 << Content-Length: 120
01:35:22.051 [main] DEBUG org.apache.http.headers -- http-outgoing-1 << Connection: keep-alive
01:35:22.051 [main] DEBUG org.apache.http.headers -- http-outgoing-1 << access-control-allow-credentials: true
01:35:22.051 [main] DEBUG org.apache.http.headers -- http-outgoing-1 << access-control-expose-headers: Location
01:35:22.051 [main] DEBUG org.apache.http.headers -- http-outgoing-1 << Cache-Control: no-cache
01:35:22.051 [main] DEBUG org.apache.http.headers -- http-outgoing-1 << etag: W/"78-2A80px1YVgTyG/v6tAXUlWoVSJg"
01:35:22.053 [main] DEBUG org.apache.http.headers -- http-outgoing-1 << expires: -1
01:35:22.053 [main] DEBUG org.apache.http.headers -- http-outgoing-1 << location: https://jsonplaceholder.typicode.com/users/11
01:35:22.053 [main] DEBUG org.apache.http.headers -- http-outgoing-1 << nel: {"report_to":"heroku-nel","response_headers":["Via"],"max_age":3600,"success_fraction":0.01,"failure_fraction":0.1}
01:35:22.053 [main] DEBUG org.apache.http.headers -- http-outgoing-1 << pragma: no-cache
01:35:22.053 [main] DEBUG org.apache.http.headers -- http-outgoing-1 << report-to: {"group":"heroku-nel","endpoints":[{"url":"https://nel.heroku.com/reports?s=Sv2%2FRRfxox8BuFJaSjlTEbQ84f1DExiEr23QqVG7948%3D\u0026sid=e11707d5-02a7-43ef-b45e-2cf4d2036f7d\u0026ts=1763928322"}],"max_age":3600}
01:35:22.053 [main] DEBUG org.apache.http.headers -- http-outgoing-1 << reporting-endpoints: heroku-nel="https://nel.heroku.com/reports?s=Sv2%2FRRfxox8BuFJaSjlTEbQ84f1DExiEr23QqVG7948%3D&sid=e11707d5-02a7-43ef-b45e-2cf4d2036f7d&ts=1763928322"
01:35:22.053 [main] DEBUG org.apache.http.headers -- http-outgoing-1 << Server: cloudflare
01:35:22.053 [main] DEBUG org.apache.http.headers -- http-outgoing-1 << vary: Origin, X-HTTP-Method-Override, Accept-Encoding
01:35:22.053 [main] DEBUG org.apache.http.headers -- http-outgoing-1 << via: 2.0 heroku-router
01:35:22.053 [main] DEBUG org.apache.http.headers -- http-outgoing-1 << x-content-type-options: nosniff
01:35:22.053 [main] DEBUG org.apache.http.headers -- http-outgoing-1 << x-powered-by: Express
01:35:22.053 [main] DEBUG org.apache.http.headers -- http-outgoing-1 << x-ratelimit-limit: 1000
01:35:22.053 [main] DEBUG org.apache.http.headers -- http-outgoing-1 << x-ratelimit-remaining: 998
01:35:22.053 [main] DEBUG org.apache.http.headers -- http-outgoing-1 << x-ratelimit-reset: 1763928354
01:35:22.053 [main] DEBUG org.apache.http.headers -- http-outgoing-1 << cf-cache-status: DYNAMIC
01:35:22.053 [main] DEBUG org.apache.http.headers -- http-outgoing-1 << Server-Timing: cfCacheStatus;desc="DYNAMIC"
01:35:22.053 [main] DEBUG org.apache.http.headers -- http-outgoing-1 << Server-Timing: cfEdge;dur=4,cfOrigin;dur=222
01:35:22.053 [main] DEBUG org.apache.http.headers -- http-outgoing-1 << CF-RAY: 9a3347f039099caa-SIN
01:35:22.053 [main] DEBUG org.apache.http.headers -- http-outgoing-1 << alt-svc: h3=":443"; ma=86400
01:35:22.053 [main] DEBUG org.apache.http.impl.execchain.MainClientExec -- Connection can be kept alive indefinitely
01:35:22.053 [main] DEBUG org.apache.http.wire -- http-outgoing-1 << "tte",[\n]"
01:35:22.053 [main] DEBUG org.apache.http.wire -- http-outgoing-1 << "  "email": "Shanna@melissa.tv",[\n]"
01:35:22.053 [main] DEBUG org.apache.http.wire -- http-outgoing-1 << "  "phone_no": "256",[\n]"
01:35:22.053 [main] DEBUG org.apache.http.wire -- http-outgoing-1 << "  "id": 11[\n]"
01:35:22.053 [main] DEBUG org.apache.http.wire -- http-outgoing-1 << "}"
01:35:22.053 [main] DEBUG org.apache.http.impl.conn.PoolingHttpClientConnectionManager -- Connection [id: 1][route: {s}->https://jsonplaceholder.typicode.com:443] can be kept alive indefinitely
01:35:22.053 [main] DEBUG org.apache.http.impl.conn.DefaultManagedHttpClientConnection -- http-outgoing-1: set socket timeout to 0
01:35:22.053 [main] DEBUG org.apache.http.impl.conn.PoolingHttpClientConnectionManager -- Connection released: [id: 1][route: {s}->https://jsonplaceholder.typicode.com:443][total available: 1; route allocated: 1 of 5; total allocated: 1 of 10]
01:35:22.053 [main] DEBUG org.apache.http.impl.conn.PoolingHttpClientConnectionManager -- Connection manager is shutting down
01:35:22.053 [main] DEBUG org.apache.http.impl.conn.DefaultManagedHttpClientConnection -- http-outgoing-1: Close connection
01:35:22.053 [main] DEBUG org.apache.http.impl.conn.PoolingHttpClientConnectionManager -- Connection manager shut down
01:35:22.056 [main] DEBUG com.intuit.karate -- response time in milliseconds: 666
1 < 201
1 < Date: Sun, 23 Nov 2025 20:05:22 GMT
1 < Content-Type: application/json; charset=utf-8
1 < Content-Length: 120
1 < Connection: keep-alive
1 < access-control-allow-credentials: true
1 < access-control-expose-headers: Location
1 < Cache-Control: no-cache
1 < etag: W/"78-2A80px1YVgTyG/v6tAXUlWoVSJg"
1 < expires: -1
1 < location: https://jsonplaceholder.typicode.com/users/11
1 < nel: {"report_to":"heroku-nel","response_headers":["Via"],"max_age":3600,"success_fraction":0.01,"failure_fraction":0.1}
1 < pragma: no-cache
1 < report-to: {"group":"heroku-nel","endpoints":[{"url":"https://nel.heroku.com/reports?s=Sv2%2FRRfxox8BuFJaSjlTEbQ84f1DExiEr23QqVG7948%3D\u0026sid=e11707d5-02a7-43ef-b45e-2cf4d2036f7d\u0026ts=1763928322"}],"max_age":3600}
1 < reporting-endpoints: heroku-nel="https://nel.heroku.com/reports?s=Sv2%2FRRfxox8BuFJaSjlTEbQ84f1DExiEr23QqVG7948%3D&sid=e11707d5-02a7-43ef-b45e-2cf4d2036f7d&ts=1763928322"
1 < Server: cloudflare
1 < vary: Origin, X-HTTP-Method-Override, Accept-Encoding
1 < via: 2.0 heroku-router
1 < x-content-type-options: nosniff
1 < x-powered-by: Express
1 < x-ratelimit-limit: 1000
1 < x-ratelimit-remaining: 998
1 < x-ratelimit-reset: 1763928354
1 < cf-cache-status: DYNAMIC
1 < Server-Timing: cfCacheStatus;desc="DYNAMIC"
1 < Server-Timing: cfEdge;dur=4,cfOrigin;dur=222
1 < CF-RAY: 9a3347f039099caa-SIN
1 < alt-svc: h3=":443"; ma=86400
{
  "name": "Ervin Howell",
  "username": "Antonette",
  "email": "Shanna@melissa.tv",
  "phone_no": "256",
  "id": 11
}

01:35:22.056 [main] DEBUG com.jayway.jsonpath.internal.path.CompiledPath -- Evaluating path: $['name']
01:35:22.056 [main] DEBUG com.jayway.jsonpath.internal.path.CompiledPath -- Evaluating path: $['username']
01:35:22.056 [main] DEBUG com.jayway.jsonpath.internal.path.CompiledPath -- Evaluating path: $['email']
01:35:22.062 [main] DEBUG com.jayway.jsonpath.internal.path.CompiledPath -- Evaluating path: $['phone_no']
]]></system-out>
  </testcase>
  <testcase name="[1.3:20] Create user using JSON file data" classname="features/userdata" time="1.111">
    <system-out><![CDATA[01:35:22.073 [main] INFO com.intuit.karate -- [print] {
  "name": "Clementine Bauch",
  "username": "Samantha",
  "email": "Nathan@yesenia.net",
  "phone_no": "2627"
}
 
01:35:22.075 [main] DEBUG org.apache.http.client.protocol.RequestAddCookies -- CookieSpec selected: karate
01:35:22.075 [main] DEBUG org.apache.http.client.protocol.RequestAuthCache -- Auth cache not set in the context
01:35:22.075 [main] DEBUG com.intuit.karate -- request:
1 > POST https://jsonplaceholder.typicode.com/users
1 > Content-Type: application/json; charset=UTF-8
1 > Content-Length: 96
1 > Host: jsonplaceholder.typicode.com
1 > Connection: Keep-Alive
1 > User-Agent: Apache-HttpClient/4.5.14 (Java/17.0.12)
1 > Accept-Encoding: gzip,deflate
{"name":"Clementine Bauch","username":"Samantha","email":"Nathan@yesenia.net","phone_no":"2627"}

01:35:22.075 [main] DEBUG org.apache.http.impl.conn.PoolingHttpClientConnectionManager -- Connection request: [route: {s}->https://jsonplaceholder.typicode.com:443][total available: 0; route allocated: 0 of 5; total allocated: 0 of 10]
01:35:22.077 [main] DEBUG org.apache.http.impl.conn.PoolingHttpClientConnectionManager -- Connection leased: [id: 2][route: {s}->https://jsonplaceholder.typicode.com:443][total available: 0; route allocated: 1 of 5; total allocated: 1 of 10]
01:35:22.077 [main] DEBUG org.apache.http.impl.execchain.MainClientExec -- Opening connection {s}->https://jsonplaceholder.typicode.com:443
01:35:22.077 [main] DEBUG org.apache.http.impl.conn.DefaultHttpClientConnectionOperator -- Connecting to jsonplaceholder.typicode.com/172.67.167.151:443
01:35:22.077 [main] DEBUG org.apache.http.conn.ssl.SSLConnectionSocketFactory -- Connecting socket to jsonplaceholder.typicode.com/172.67.167.151:443 with timeout 30000
01:35:22.233 [main] DEBUG org.apache.http.conn.ssl.SSLConnectionSocketFactory -- Enabled protocols: [TLSv1.3, TLSv1.2]
01:35:22.233 [main] DEBUG org.apache.http.conn.ssl.SSLConnectionSocketFactory -- Enabled cipher suites:[TLS_AES_256_GCM_SHA384, TLS_AES_128_GCM_SHA256, TLS_CHACHA20_POLY1305_SHA256, TLS_ECDHE_ECDSA_WITH_AES_256_GCM_SHA384, TLS_ECDHE_ECDSA_WITH_AES_128_GCM_SHA256, TLS_ECDHE_ECDSA_WITH_CHACHA20_POLY1305_SHA256, TLS_ECDHE_RSA_WITH_AES_256_GCM_SHA384, TLS_ECDHE_RSA_WITH_CHACHA20_POLY1305_SHA256, TLS_ECDHE_RSA_WITH_AES_128_GCM_SHA256, TLS_DHE_RSA_WITH_AES_256_GCM_SHA384, TLS_DHE_RSA_WITH_CHACHA20_POLY1305_SHA256, TLS_DHE_DSS_WITH_AES_256_GCM_SHA384, TLS_DHE_RSA_WITH_AES_128_GCM_SHA256, TLS_DHE_DSS_WITH_AES_128_GCM_SHA256, TLS_ECDHE_ECDSA_WITH_AES_256_CBC_SHA384, TLS_ECDHE_RSA_WITH_AES_256_CBC_SHA384, TLS_ECDHE_ECDSA_WITH_AES_128_CBC_SHA256, TLS_ECDHE_RSA_WITH_AES_128_CBC_SHA256, TLS_DHE_RSA_WITH_AES_256_CBC_SHA256, TLS_DHE_DSS_WITH_AES_256_CBC_SHA256, TLS_DHE_RSA_WITH_AES_128_CBC_SHA256, TLS_DHE_DSS_WITH_AES_128_CBC_SHA256, TLS_ECDH_ECDSA_WITH_AES_256_GCM_SHA384, TLS_ECDH_RSA_WITH_AES_256_GCM_SHA384, TLS_ECDH_ECDSA_WITH_AES_128_GCM_SHA256, TLS_ECDH_RSA_WITH_AES_128_GCM_SHA256, TLS_ECDH_ECDSA_WITH_AES_256_CBC_SHA384, TLS_ECDH_RSA_WITH_AES_256_CBC_SHA384, TLS_ECDH_ECDSA_WITH_AES_128_CBC_SHA256, TLS_ECDH_RSA_WITH_AES_128_CBC_SHA256, TLS_ECDHE_ECDSA_WITH_AES_256_CBC_SHA, TLS_ECDHE_RSA_WITH_AES_256_CBC_SHA, TLS_ECDHE_ECDSA_WITH_AES_128_CBC_SHA, TLS_ECDHE_RSA_WITH_AES_128_CBC_SHA, TLS_DHE_RSA_WITH_AES_256_CBC_SHA, TLS_DHE_DSS_WITH_AES_256_CBC_SHA, TLS_DHE_RSA_WITH_AES_128_CBC_SHA, TLS_DHE_DSS_WITH_AES_128_CBC_SHA, TLS_ECDH_ECDSA_WITH_AES_256_CBC_SHA, TLS_ECDH_RSA_WITH_AES_256_CBC_SHA, TLS_ECDH_ECDSA_WITH_AES_128_CBC_SHA, TLS_ECDH_RSA_WITH_AES_128_CBC_SHA, TLS_RSA_WITH_AES_256_GCM_SHA384, TLS_RSA_WITH_AES_128_GCM_SHA256, TLS_RSA_WITH_AES_256_CBC_SHA256, TLS_RSA_WITH_AES_128_CBC_SHA256, TLS_RSA_WITH_AES_256_CBC_SHA, TLS_RSA_WITH_AES_128_CBC_SHA, TLS_EMPTY_RENEGOTIATION_INFO_SCSV]
01:35:22.235 [main] DEBUG org.apache.http.conn.ssl.SSLConnectionSocketFactory -- Starting handshake
01:35:22.356 [main] DEBUG org.apache.http.conn.ssl.SSLConnectionSocketFactory -- Secure session established
01:35:22.356 [main] DEBUG org.apache.http.conn.ssl.SSLConnectionSocketFactory --  negotiated protocol: TLSv1.3
01:35:22.356 [main] DEBUG org.apache.http.conn.ssl.SSLConnectionSocketFactory --  negotiated cipher suite: TLS_AES_256_GCM_SHA384
01:35:22.356 [main] DEBUG org.apache.http.conn.ssl.SSLConnectionSocketFactory --  peer principal: CN=typicode.com
01:35:22.356 [main] DEBUG org.apache.http.conn.ssl.SSLConnectionSocketFactory --  peer alternative names: [typicode.com, *.typicode.com]
01:35:22.356 [main] DEBUG org.apache.http.conn.ssl.SSLConnectionSocketFactory --  issuer principal: CN=WE1, O=Google Trust Services, C=US
01:35:22.356 [main] DEBUG org.apache.http.impl.conn.DefaultHttpClientConnectionOperator -- Connection established 10.47.147.130:59816<->172.67.167.151:443
01:35:22.356 [main] DEBUG org.apache.http.impl.conn.DefaultManagedHttpClientConnection -- http-outgoing-2: set socket timeout to 30000
01:35:22.356 [main] DEBUG org.apache.http.impl.execchain.MainClientExec -- Executing request POST /users HTTP/1.1
01:35:22.356 [main] DEBUG org.apache.http.impl.execchain.MainClientExec -- Target auth state: UNCHALLENGED
01:35:22.356 [main] DEBUG org.apache.http.impl.execchain.MainClientExec -- Proxy auth state: UNCHALLENGED
01:35:22.356 [main] DEBUG org.apache.http.headers -- http-outgoing-2 >> POST /users HTTP/1.1
01:35:22.356 [main] DEBUG org.apache.http.headers -- http-outgoing-2 >> Content-Type: application/json; charset=UTF-8
01:35:22.356 [main] DEBUG org.apache.http.headers -- http-outgoing-2 >> Content-Length: 96
01:35:22.356 [main] DEBUG org.apache.http.headers -- http-outgoing-2 >> Host: jsonplaceholder.typicode.com
01:35:22.356 [main] DEBUG org.apache.http.headers -- http-outgoing-2 >> Connection: Keep-Alive
01:35:22.356 [main] DEBUG org.apache.http.headers -- http-outgoing-2 >> User-Agent: Apache-HttpClient/4.5.14 (Java/17.0.12)
01:35:22.356 [main] DEBUG org.apache.http.headers -- http-outgoing-2 >> Accept-Encoding: gzip,deflate
01:35:22.356 [main] DEBUG org.apache.http.wire -- http-outgoing-2 >> "POST /users HTTP/1.1[\r][\n]"
01:35:22.356 [main] DEBUG org.apache.http.wire -- http-outgoing-2 >> "Content-Type: application/json; charset=UTF-8[\r][\n]"
01:35:22.356 [main] DEBUG org.apache.http.wire -- http-outgoing-2 >> "Content-Length: 96[\r][\n]"
01:35:22.356 [main] DEBUG org.apache.http.wire -- http-outgoing-2 >> "Host: jsonplaceholder.typicode.com[\r][\n]"
01:35:22.356 [main] DEBUG org.apache.http.wire -- http-outgoing-2 >> "Connection: Keep-Alive[\r][\n]"
01:35:22.356 [main] DEBUG org.apache.http.wire -- http-outgoing-2 >> "User-Agent: Apache-HttpClient/4.5.14 (Java/17.0.12)[\r][\n]"
01:35:22.356 [main] DEBUG org.apache.http.wire -- http-outgoing-2 >> "Accept-Encoding: gzip,deflate[\r][\n]"
01:35:22.356 [main] DEBUG org.apache.http.wire -- http-outgoing-2 >> "[\r][\n]"
01:35:22.356 [main] DEBUG org.apache.http.wire -- http-outgoing-2 >> "{"name":"Clementine Bauch","username":"Samantha","email":"Nathan@yesenia.net","phone_no":"2627"}"
01:35:23.162 [main] DEBUG org.apache.http.wire -- http-outgoing-2 << "HTTP/1.1 201 Created[\r][\n]"
01:35:23.162 [main] DEBUG org.apache.http.wire -- http-outgoing-2 << "Date: Sun, 23 Nov 2025 20:05:24 GMT[\r][\n]"
01:35:23.162 [main] DEBUG org.apache.http.wire -- http-outgoing-2 << "Content-Type: application/json; charset=utf-8[\r][\n]"
01:35:23.162 [main] DEBUG org.apache.http.wire -- http-outgoing-2 << "Content-Length: 125[\r][\n]"
01:35:23.162 [main] DEBUG org.apache.http.wire -- http-outgoing-2 << "Connection: keep-alive[\r][\n]"
01:35:23.162 [main] DEBUG org.apache.http.wire -- http-outgoing-2 << "access-control-allow-credentials: true[\r][\n]"
01:35:23.162 [main] DEBUG org.apache.http.wire -- http-outgoing-2 << "access-control-expose-headers: Location[\r][\n]"
01:35:23.162 [main] DEBUG org.apache.http.wire -- http-outgoing-2 << "Cache-Control: no-cache[\r][\n]"
01:35:23.162 [main] DEBUG org.apache.http.wire -- http-outgoing-2 << "etag: W/"7d-QsyIRX1BVbXmUpwc5peUkhStRfs"[\r][\n]"
01:35:23.162 [main] DEBUG org.apache.http.wire -- http-outgoing-2 << "expires: -1[\r][\n]"
01:35:23.162 [main] DEBUG org.apache.http.wire -- http-outgoing-2 << "location: https://jsonplaceholder.typicode.com/users/11[\r][\n]"
01:35:23.162 [main] DEBUG org.apache.http.wire -- http-outgoing-2 << "nel: {"report_to":"heroku-nel","response_headers":["Via"],"max_age":3600,"success_fraction":0.01,"failure_fraction":0.1}[\r][\n]"
01:35:23.163 [main] DEBUG org.apache.http.wire -- http-outgoing-2 << "pragma: no-cache[\r][\n]"
01:35:23.163 [main] DEBUG org.apache.http.wire -- http-outgoing-2 << "report-to: {"group":"heroku-nel","endpoints":[{"url":"https://nel.heroku.com/reports?s=PqSyGH06l7AtOkmmb%2BclYMhJzBE3OPdXh4jGHuil8hU%3D\u0026sid=e11707d5-02a7-43ef-b45e-2cf4d2036f7d\u0026ts=1763928323"}],"max_age":3600}[\r][\n]"
01:35:23.163 [main] DEBUG org.apache.http.wire -- http-outgoing-2 << "reporting-endpoints: heroku-nel="https://nel.heroku.com/reports?s=PqSyGH06l7AtOkmmb%2BclYMhJzBE3OPdXh4jGHuil8hU%3D&sid=e11707d5-02a7-43ef-b45e-2cf4d2036f7d&ts=1763928323"[\r][\n]"
01:35:23.163 [main] DEBUG org.apache.http.wire -- http-outgoing-2 << "Server: cloudflare[\r][\n]"
01:35:23.163 [main] DEBUG org.apache.http.wire -- http-outgoing-2 << "vary: Origin, X-HTTP-Method-Override, Accept-Encoding[\r][\n]"
01:35:23.163 [main] DEBUG org.apache.http.wire -- http-outgoing-2 << "via: 2.0 heroku-router[\r][\n]"
01:35:23.163 [main] DEBUG org.apache.http.wire -- http-outgoing-2 << "x-content-type-options: nosniff[\r][\n]"
01:35:23.163 [main] DEBUG org.apache.http.wire -- http-outgoing-2 << "x-powered-by: Express[\r][\n]"
01:35:23.163 [main] DEBUG org.apache.http.wire -- http-outgoing-2 << "x-ratelimit-limit: 1000[\r][\n]"
01:35:23.163 [main] DEBUG org.apache.http.wire -- http-outgoing-2 << "x-ratelimit-remaining: 997[\r][\n]"
01:35:23.163 [main] DEBUG org.apache.http.wire -- http-outgoing-2 << "x-ratelimit-reset: 1763928354[\r][\n]"
01:35:23.163 [main] DEBUG org.apache.http.wire -- http-outgoing-2 << "cf-cache-status: DYNAMIC[\r][\n]"
01:35:23.163 [main] DEBUG org.apache.http.wire -- http-outgoing-2 << "Server-Timing: cfCacheStatus;desc="DYNAMIC"[\r][\n]"
01:35:23.163 [main] DEBUG org.apache.http.wire -- http-outgoing-2 << "Server-Timing: cfEdge;dur=3,cfOrigin;dur=688[\r][\n]"
01:35:23.163 [main] DEBUG org.apache.http.wire -- http-outgoing-2 << "CF-RAY: 9a3347f4ca9cf8e2-SIN[\r][\n]"
01:35:23.163 [main] DEBUG org.apache.http.wire -- http-outgoing-2 << "alt-svc: h3=":443"; ma=86400[\r][\n]"
01:35:23.163 [main] DEBUG org.apache.http.wire -- http-outgoing-2 << "[\r][\n]"
01:35:23.163 [main] DEBUG org.apache.http.wire -- http-outgoing-2 << "{[\n]"
01:35:23.165 [main] DEBUG org.apache.http.wire -- http-outgoing-2 << "  "name": "Clementine Bauch",[\n]"
01:35:23.165 [main] DEBUG org.apache.http.wire -- http-outgoing-2 << "  "username": "Sa"
01:35:23.165 [main] DEBUG org.apache.http.headers -- http-outgoing-2 << HTTP/1.1 201 Created
01:35:23.165 [main] DEBUG org.apache.http.headers -- http-outgoing-2 << Date: Sun, 23 Nov 2025 20:05:24 GMT
01:35:23.165 [main] DEBUG org.apache.http.headers -- http-outgoing-2 << Content-Type: application/json; charset=utf-8
01:35:23.165 [main] DEBUG org.apache.http.headers -- http-outgoing-2 << Content-Length: 125
01:35:23.165 [main] DEBUG org.apache.http.headers -- http-outgoing-2 << Connection: keep-alive
01:35:23.165 [main] DEBUG org.apache.http.headers -- http-outgoing-2 << access-control-allow-credentials: true
01:35:23.165 [main] DEBUG org.apache.http.headers -- http-outgoing-2 << access-control-expose-headers: Location
01:35:23.165 [main] DEBUG org.apache.http.headers -- http-outgoing-2 << Cache-Control: no-cache
01:35:23.165 [main] DEBUG org.apache.http.headers -- http-outgoing-2 << etag: W/"7d-QsyIRX1BVbXmUpwc5peUkhStRfs"
01:35:23.165 [main] DEBUG org.apache.http.headers -- http-outgoing-2 << expires: -1
01:35:23.165 [main] DEBUG org.apache.http.headers -- http-outgoing-2 << location: https://jsonplaceholder.typicode.com/users/11
01:35:23.165 [main] DEBUG org.apache.http.headers -- http-outgoing-2 << nel: {"report_to":"heroku-nel","response_headers":["Via"],"max_age":3600,"success_fraction":0.01,"failure_fraction":0.1}
01:35:23.165 [main] DEBUG org.apache.http.headers -- http-outgoing-2 << pragma: no-cache
01:35:23.165 [main] DEBUG org.apache.http.headers -- http-outgoing-2 << report-to: {"group":"heroku-nel","endpoints":[{"url":"https://nel.heroku.com/reports?s=PqSyGH06l7AtOkmmb%2BclYMhJzBE3OPdXh4jGHuil8hU%3D\u0026sid=e11707d5-02a7-43ef-b45e-2cf4d2036f7d\u0026ts=1763928323"}],"max_age":3600}
01:35:23.165 [main] DEBUG org.apache.http.headers -- http-outgoing-2 << reporting-endpoints: heroku-nel="https://nel.heroku.com/reports?s=PqSyGH06l7AtOkmmb%2BclYMhJzBE3OPdXh4jGHuil8hU%3D&sid=e11707d5-02a7-43ef-b45e-2cf4d2036f7d&ts=1763928323"
01:35:23.165 [main] DEBUG org.apache.http.headers -- http-outgoing-2 << Server: cloudflare
01:35:23.165 [main] DEBUG org.apache.http.headers -- http-outgoing-2 << vary: Origin, X-HTTP-Method-Override, Accept-Encoding
01:35:23.165 [main] DEBUG org.apache.http.headers -- http-outgoing-2 << via: 2.0 heroku-router
01:35:23.167 [main] DEBUG org.apache.http.headers -- http-outgoing-2 << x-content-type-options: nosniff
01:35:23.167 [main] DEBUG org.apache.http.headers -- http-outgoing-2 << x-powered-by: Express
01:35:23.167 [main] DEBUG org.apache.http.headers -- http-outgoing-2 << x-ratelimit-limit: 1000
01:35:23.167 [main] DEBUG org.apache.http.headers -- http-outgoing-2 << x-ratelimit-remaining: 997
01:35:23.167 [main] DEBUG org.apache.http.headers -- http-outgoing-2 << x-ratelimit-reset: 1763928354
01:35:23.167 [main] DEBUG org.apache.http.headers -- http-outgoing-2 << cf-cache-status: DYNAMIC
01:35:23.167 [main] DEBUG org.apache.http.headers -- http-outgoing-2 << Server-Timing: cfCacheStatus;desc="DYNAMIC"
01:35:23.167 [main] DEBUG org.apache.http.headers -- http-outgoing-2 << Server-Timing: cfEdge;dur=3,cfOrigin;dur=688
01:35:23.167 [main] DEBUG org.apache.http.headers -- http-outgoing-2 << CF-RAY: 9a3347f4ca9cf8e2-SIN
01:35:23.167 [main] DEBUG org.apache.http.headers -- http-outgoing-2 << alt-svc: h3=":443"; ma=86400
01:35:23.167 [main] DEBUG org.apache.http.impl.execchain.MainClientExec -- Connection can be kept alive indefinitely
01:35:23.167 [main] DEBUG org.apache.http.wire -- http-outgoing-2 << "mantha",[\n]"
01:35:23.167 [main] DEBUG org.apache.http.wire -- http-outgoing-2 << "  "email": "Nathan@yesenia.net",[\n]"
01:35:23.169 [main] DEBUG org.apache.http.wire -- http-outgoing-2 << "  "phone_no": "2627",[\n]"
01:35:23.169 [main] DEBUG org.apache.http.wire -- http-outgoing-2 << "  "id": 11[\n]"
01:35:23.169 [main] DEBUG org.apache.http.wire -- http-outgoing-2 << "}"
01:35:23.169 [main] DEBUG org.apache.http.impl.conn.PoolingHttpClientConnectionManager -- Connection [id: 2][route: {s}->https://jsonplaceholder.typicode.com:443] can be kept alive indefinitely
01:35:23.169 [main] DEBUG org.apache.http.impl.conn.DefaultManagedHttpClientConnection -- http-outgoing-2: set socket timeout to 0
01:35:23.169 [main] DEBUG org.apache.http.impl.conn.PoolingHttpClientConnectionManager -- Connection released: [id: 2][route: {s}->https://jsonplaceholder.typicode.com:443][total available: 1; route allocated: 1 of 5; total allocated: 1 of 10]
01:35:23.169 [main] DEBUG org.apache.http.impl.conn.PoolingHttpClientConnectionManager -- Connection manager is shutting down
01:35:23.169 [main] DEBUG org.apache.http.impl.conn.DefaultManagedHttpClientConnection -- http-outgoing-2: Close connection
01:35:23.171 [main] DEBUG org.apache.http.impl.conn.PoolingHttpClientConnectionManager -- Connection manager shut down
01:35:23.171 [main] DEBUG com.intuit.karate -- response time in milliseconds: 1094
1 < 201
1 < Date: Sun, 23 Nov 2025 20:05:24 GMT
1 < Content-Type: application/json; charset=utf-8
1 < Content-Length: 125
1 < Connection: keep-alive
1 < access-control-allow-credentials: true
1 < access-control-expose-headers: Location
1 < Cache-Control: no-cache
1 < etag: W/"7d-QsyIRX1BVbXmUpwc5peUkhStRfs"
1 < expires: -1
1 < location: https://jsonplaceholder.typicode.com/users/11
1 < nel: {"report_to":"heroku-nel","response_headers":["Via"],"max_age":3600,"success_fraction":0.01,"failure_fraction":0.1}
1 < pragma: no-cache
1 < report-to: {"group":"heroku-nel","endpoints":[{"url":"https://nel.heroku.com/reports?s=PqSyGH06l7AtOkmmb%2BclYMhJzBE3OPdXh4jGHuil8hU%3D\u0026sid=e11707d5-02a7-43ef-b45e-2cf4d2036f7d\u0026ts=1763928323"}],"max_age":3600}
1 < reporting-endpoints: heroku-nel="https://nel.heroku.com/reports?s=PqSyGH06l7AtOkmmb%2BclYMhJzBE3OPdXh4jGHuil8hU%3D&sid=e11707d5-02a7-43ef-b45e-2cf4d2036f7d&ts=1763928323"
1 < Server: cloudflare
1 < vary: Origin, X-HTTP-Method-Override, Accept-Encoding
1 < via: 2.0 heroku-router
1 < x-content-type-options: nosniff
1 < x-powered-by: Express
1 < x-ratelimit-limit: 1000
1 < x-ratelimit-remaining: 997
1 < x-ratelimit-reset: 1763928354
1 < cf-cache-status: DYNAMIC
1 < Server-Timing: cfCacheStatus;desc="DYNAMIC"
1 < Server-Timing: cfEdge;dur=3,cfOrigin;dur=688
1 < CF-RAY: 9a3347f4ca9cf8e2-SIN
1 < alt-svc: h3=":443"; ma=86400
{
  "name": "Clementine Bauch",
  "username": "Samantha",
  "email": "Nathan@yesenia.net",
  "phone_no": "2627",
  "id": 11
}

01:35:23.173 [main] DEBUG com.jayway.jsonpath.internal.path.CompiledPath -- Evaluating path: $['name']
01:35:23.175 [main] DEBUG com.jayway.jsonpath.internal.path.CompiledPath -- Evaluating path: $['username']
01:35:23.175 [main] DEBUG com.jayway.jsonpath.internal.path.CompiledPath -- Evaluating path: $['email']
01:35:23.175 [main] DEBUG com.jayway.jsonpath.internal.path.CompiledPath -- Evaluating path: $['phone_no']
]]></system-out>
  </testcase>
  <testcase name="[1.4:20] Create user using JSON file data" classname="features/userdata" time="1.65">
    <system-out><![CDATA[01:35:23.184 [main] INFO com.intuit.karate -- [print] {
  "name": "Harish",
  "username": "Muleva",
  "email": "Harish@a.net",
  "phone_no": "765"
}
 
01:35:23.188 [main] DEBUG org.apache.http.client.protocol.RequestAddCookies -- CookieSpec selected: karate
01:35:23.188 [main] DEBUG org.apache.http.client.protocol.RequestAuthCache -- Auth cache not set in the context
01:35:23.190 [main] DEBUG com.intuit.karate -- request:
1 > POST https://jsonplaceholder.typicode.com/users
1 > Content-Type: application/json; charset=UTF-8
1 > Content-Length: 77
1 > Host: jsonplaceholder.typicode.com
1 > Connection: Keep-Alive
1 > User-Agent: Apache-HttpClient/4.5.14 (Java/17.0.12)
1 > Accept-Encoding: gzip,deflate
{"name":"Harish","username":"Muleva","email":"Harish@a.net","phone_no":"765"}

01:35:23.190 [main] DEBUG org.apache.http.impl.conn.PoolingHttpClientConnectionManager -- Connection request: [route: {s}->https://jsonplaceholder.typicode.com:443][total available: 0; route allocated: 0 of 5; total allocated: 0 of 10]
01:35:23.190 [main] DEBUG org.apache.http.impl.conn.PoolingHttpClientConnectionManager -- Connection leased: [id: 3][route: {s}->https://jsonplaceholder.typicode.com:443][total available: 0; route allocated: 1 of 5; total allocated: 1 of 10]
01:35:23.190 [main] DEBUG org.apache.http.impl.execchain.MainClientExec -- Opening connection {s}->https://jsonplaceholder.typicode.com:443
01:35:23.191 [main] DEBUG org.apache.http.impl.conn.DefaultHttpClientConnectionOperator -- Connecting to jsonplaceholder.typicode.com/172.67.167.151:443
01:35:23.191 [main] DEBUG org.apache.http.conn.ssl.SSLConnectionSocketFactory -- Connecting socket to jsonplaceholder.typicode.com/172.67.167.151:443 with timeout 30000
01:35:23.331 [main] DEBUG org.apache.http.conn.ssl.SSLConnectionSocketFactory -- Enabled protocols: [TLSv1.3, TLSv1.2]
01:35:23.331 [main] DEBUG org.apache.http.conn.ssl.SSLConnectionSocketFactory -- Enabled cipher suites:[TLS_AES_256_GCM_SHA384, TLS_AES_128_GCM_SHA256, TLS_CHACHA20_POLY1305_SHA256, TLS_ECDHE_ECDSA_WITH_AES_256_GCM_SHA384, TLS_ECDHE_ECDSA_WITH_AES_128_GCM_SHA256, TLS_ECDHE_ECDSA_WITH_CHACHA20_POLY1305_SHA256, TLS_ECDHE_RSA_WITH_AES_256_GCM_SHA384, TLS_ECDHE_RSA_WITH_CHACHA20_POLY1305_SHA256, TLS_ECDHE_RSA_WITH_AES_128_GCM_SHA256, TLS_DHE_RSA_WITH_AES_256_GCM_SHA384, TLS_DHE_RSA_WITH_CHACHA20_POLY1305_SHA256, TLS_DHE_DSS_WITH_AES_256_GCM_SHA384, TLS_DHE_RSA_WITH_AES_128_GCM_SHA256, TLS_DHE_DSS_WITH_AES_128_GCM_SHA256, TLS_ECDHE_ECDSA_WITH_AES_256_CBC_SHA384, TLS_ECDHE_RSA_WITH_AES_256_CBC_SHA384, TLS_ECDHE_ECDSA_WITH_AES_128_CBC_SHA256, TLS_ECDHE_RSA_WITH_AES_128_CBC_SHA256, TLS_DHE_RSA_WITH_AES_256_CBC_SHA256, TLS_DHE_DSS_WITH_AES_256_CBC_SHA256, TLS_DHE_RSA_WITH_AES_128_CBC_SHA256, TLS_DHE_DSS_WITH_AES_128_CBC_SHA256, TLS_ECDH_ECDSA_WITH_AES_256_GCM_SHA384, TLS_ECDH_RSA_WITH_AES_256_GCM_SHA384, TLS_ECDH_ECDSA_WITH_AES_128_GCM_SHA256, TLS_ECDH_RSA_WITH_AES_128_GCM_SHA256, TLS_ECDH_ECDSA_WITH_AES_256_CBC_SHA384, TLS_ECDH_RSA_WITH_AES_256_CBC_SHA384, TLS_ECDH_ECDSA_WITH_AES_128_CBC_SHA256, TLS_ECDH_RSA_WITH_AES_128_CBC_SHA256, TLS_ECDHE_ECDSA_WITH_AES_256_CBC_SHA, TLS_ECDHE_RSA_WITH_AES_256_CBC_SHA, TLS_ECDHE_ECDSA_WITH_AES_128_CBC_SHA, TLS_ECDHE_RSA_WITH_AES_128_CBC_SHA, TLS_DHE_RSA_WITH_AES_256_CBC_SHA, TLS_DHE_DSS_WITH_AES_256_CBC_SHA, TLS_DHE_RSA_WITH_AES_128_CBC_SHA, TLS_DHE_DSS_WITH_AES_128_CBC_SHA, TLS_ECDH_ECDSA_WITH_AES_256_CBC_SHA, TLS_ECDH_RSA_WITH_AES_256_CBC_SHA, TLS_ECDH_ECDSA_WITH_AES_128_CBC_SHA, TLS_ECDH_RSA_WITH_AES_128_CBC_SHA, TLS_RSA_WITH_AES_256_GCM_SHA384, TLS_RSA_WITH_AES_128_GCM_SHA256, TLS_RSA_WITH_AES_256_CBC_SHA256, TLS_RSA_WITH_AES_128_CBC_SHA256, TLS_RSA_WITH_AES_256_CBC_SHA, TLS_RSA_WITH_AES_128_CBC_SHA, TLS_EMPTY_RENEGOTIATION_INFO_SCSV]
01:35:23.332 [main] DEBUG org.apache.http.conn.ssl.SSLConnectionSocketFactory -- Starting handshake
01:35:23.467 [main] DEBUG org.apache.http.conn.ssl.SSLConnectionSocketFactory -- Secure session established
01:35:23.468 [main] DEBUG org.apache.http.conn.ssl.SSLConnectionSocketFactory --  negotiated protocol: TLSv1.3
01:35:23.468 [main] DEBUG org.apache.http.conn.ssl.SSLConnectionSocketFactory --  negotiated cipher suite: TLS_AES_256_GCM_SHA384
01:35:23.468 [main] DEBUG org.apache.http.conn.ssl.SSLConnectionSocketFactory --  peer principal: CN=typicode.com
01:35:23.468 [main] DEBUG org.apache.http.conn.ssl.SSLConnectionSocketFactory --  peer alternative names: [typicode.com, *.typicode.com]
01:35:23.468 [main] DEBUG org.apache.http.conn.ssl.SSLConnectionSocketFactory --  issuer principal: CN=WE1, O=Google Trust Services, C=US
01:35:23.468 [main] DEBUG org.apache.http.impl.conn.DefaultHttpClientConnectionOperator -- Connection established 10.47.147.130:59817<->172.67.167.151:443
01:35:23.468 [main] DEBUG org.apache.http.impl.conn.DefaultManagedHttpClientConnection -- http-outgoing-3: set socket timeout to 30000
01:35:23.468 [main] DEBUG org.apache.http.impl.execchain.MainClientExec -- Executing request POST /users HTTP/1.1
01:35:23.468 [main] DEBUG org.apache.http.impl.execchain.MainClientExec -- Target auth state: UNCHALLENGED
01:35:23.468 [main] DEBUG org.apache.http.impl.execchain.MainClientExec -- Proxy auth state: UNCHALLENGED
01:35:23.468 [main] DEBUG org.apache.http.headers -- http-outgoing-3 >> POST /users HTTP/1.1
01:35:23.468 [main] DEBUG org.apache.http.headers -- http-outgoing-3 >> Content-Type: application/json; charset=UTF-8
01:35:23.468 [main] DEBUG org.apache.http.headers -- http-outgoing-3 >> Content-Length: 77
01:35:23.468 [main] DEBUG org.apache.http.headers -- http-outgoing-3 >> Host: jsonplaceholder.typicode.com
01:35:23.468 [main] DEBUG org.apache.http.headers -- http-outgoing-3 >> Connection: Keep-Alive
01:35:23.468 [main] DEBUG org.apache.http.headers -- http-outgoing-3 >> User-Agent: Apache-HttpClient/4.5.14 (Java/17.0.12)
01:35:23.468 [main] DEBUG org.apache.http.headers -- http-outgoing-3 >> Accept-Encoding: gzip,deflate
01:35:23.468 [main] DEBUG org.apache.http.wire -- http-outgoing-3 >> "POST /users HTTP/1.1[\r][\n]"
01:35:23.468 [main] DEBUG org.apache.http.wire -- http-outgoing-3 >> "Content-Type: application/json; charset=UTF-8[\r][\n]"
01:35:23.468 [main] DEBUG org.apache.http.wire -- http-outgoing-3 >> "Content-Length: 77[\r][\n]"
01:35:23.468 [main] DEBUG org.apache.http.wire -- http-outgoing-3 >> "Host: jsonplaceholder.typicode.com[\r][\n]"
01:35:23.468 [main] DEBUG org.apache.http.wire -- http-outgoing-3 >> "Connection: Keep-Alive[\r][\n]"
01:35:23.468 [main] DEBUG org.apache.http.wire -- http-outgoing-3 >> "User-Agent: Apache-HttpClient/4.5.14 (Java/17.0.12)[\r][\n]"
01:35:23.468 [main] DEBUG org.apache.http.wire -- http-outgoing-3 >> "Accept-Encoding: gzip,deflate[\r][\n]"
01:35:23.468 [main] DEBUG org.apache.http.wire -- http-outgoing-3 >> "[\r][\n]"
01:35:23.468 [main] DEBUG org.apache.http.wire -- http-outgoing-3 >> "{"name":"Harish","username":"Muleva","email":"Harish@a.net","phone_no":"765"}"
01:35:23.876 [main] DEBUG org.apache.http.wire -- http-outgoing-3 << "HTTP/1.1 201 Created[\r][\n]"
01:35:23.876 [main] DEBUG org.apache.http.wire -- http-outgoing-3 << "Date: Sun, 23 Nov 2025 20:05:24 GMT[\r][\n]"
01:35:23.876 [main] DEBUG org.apache.http.wire -- http-outgoing-3 << "Content-Type: application/json; charset=utf-8[\r][\n]"
01:35:23.876 [main] DEBUG org.apache.http.wire -- http-outgoing-3 << "Content-Length: 106[\r][\n]"
01:35:23.876 [main] DEBUG org.apache.http.wire -- http-outgoing-3 << "Connection: keep-alive[\r][\n]"
01:35:23.876 [main] DEBUG org.apache.http.wire -- http-outgoing-3 << "access-control-allow-credentials: true[\r][\n]"
01:35:23.876 [main] DEBUG org.apache.http.wire -- http-outgoing-3 << "access-control-expose-headers: Location[\r][\n]"
01:35:23.876 [main] DEBUG org.apache.http.wire -- http-outgoing-3 << "Cache-Control: no-cache[\r][\n]"
01:35:23.876 [main] DEBUG org.apache.http.wire -- http-outgoing-3 << "etag: W/"6a-jDQhzOa7EKw+sbqCUhaiVvAWHf8"[\r][\n]"
01:35:23.876 [main] DEBUG org.apache.http.wire -- http-outgoing-3 << "expires: -1[\r][\n]"
01:35:23.876 [main] DEBUG org.apache.http.wire -- http-outgoing-3 << "location: https://jsonplaceholder.typicode.com/users/11[\r][\n]"
01:35:23.876 [main] DEBUG org.apache.http.wire -- http-outgoing-3 << "nel: {"report_to":"heroku-nel","response_headers":["Via"],"max_age":3600,"success_fraction":0.01,"failure_fraction":0.1}[\r][\n]"
01:35:23.876 [main] DEBUG org.apache.http.wire -- http-outgoing-3 << "pragma: no-cache[\r][\n]"
01:35:23.876 [main] DEBUG org.apache.http.wire -- http-outgoing-3 << "report-to: {"group":"heroku-nel","endpoints":[{"url":"https://nel.heroku.com/reports?s=4UsPgWq0p9CiPFUmO7EEf8fc3lKLRj9F3nRTYzLEki8%3D\u0026sid=e11707d5-02a7-43ef-b45e-2cf4d2036f7d\u0026ts=1763928324"}],"max_age":3600}[\r][\n]"
01:35:23.876 [main] DEBUG org.apache.http.wire -- http-outgoing-3 << "reporting-endpoints: heroku-nel="https://nel.heroku.com/reports?s=4UsPgWq0p9CiPFUmO7EEf8fc3lKLRj9F3nRTYzLEki8%3D&sid=e11707d5-02a7-43ef-b45e-2cf4d2036f7d&ts=1763928324"[\r][\n]"
01:35:23.876 [main] DEBUG org.apache.http.wire -- http-outgoing-3 << "Server: cloudflare[\r][\n]"
01:35:23.876 [main] DEBUG org.apache.http.wire -- http-outgoing-3 << "vary: Origin, X-HTTP-Method-Override, Accept-Encoding[\r][\n]"
01:35:23.876 [main] DEBUG org.apache.http.wire -- http-outgoing-3 << "via: 2.0 heroku-router[\r][\n]"
01:35:23.876 [main] DEBUG org.apache.http.wire -- http-outgoing-3 << "x-content-type-options: nosniff[\r][\n]"
01:35:23.876 [main] DEBUG org.apache.http.wire -- http-outgoing-3 << "x-powered-by: Express[\r][\n]"
01:35:23.876 [main] DEBUG org.apache.http.wire -- http-outgoing-3 << "x-ratelimit-limit: 1000[\r][\n]"
01:35:23.876 [main] DEBUG org.apache.http.wire -- http-outgoing-3 << "x-ratelimit-remaining: 996[\r][\n]"
01:35:23.876 [main] DEBUG org.apache.http.wire -- http-outgoing-3 << "x-ratelimit-reset: 1763928354[\r][\n]"
01:35:23.876 [main] DEBUG org.apache.http.wire -- http-outgoing-3 << "cf-cache-status: DYNAMIC[\r][\n]"
01:35:23.881 [main] DEBUG org.apache.http.wire -- http-outgoing-3 << "Server-Timing: cfCacheStatus;desc="DYNAMIC"[\r][\n]"
01:35:23.881 [main] DEBUG org.apache.http.wire -- http-outgoing-3 << "Server-Timing: cfEdge;dur=14,cfOrigin;dur=232[\r][\n]"
01:35:23.881 [main] DEBUG org.apache.http.wire -- http-outgoing-3 << "CF-RAY: 9a3347fbe877f8e4-SIN[\r][\n]"
01:35:23.881 [main] DEBUG org.apache.http.wire -- http-outgoing-3 << "alt-svc: h3=":443"; ma=86400[\r][\n]"
01:35:23.883 [main] DEBUG org.apache.http.wire -- http-outgoing-3 << "[\r][\n]"
01:35:23.883 [main] DEBUG org.apache.http.wire -- http-outgoing-3 << "{[\n]"
01:35:23.883 [main] DEBUG org.apache.http.wire -- http-outgoing-3 << "  "name": "Harish",[\n]"
01:35:23.883 [main] DEBUG org.apache.http.wire -- http-outgoing-3 << "  "username": "Muleva",[\n]"
01:35:23.883 [main] DEBUG org.apache.http.wire -- http-outgoing-3 << "  "ema"
01:35:23.883 [main] DEBUG org.apache.http.headers -- http-outgoing-3 << HTTP/1.1 201 Created
01:35:23.883 [main] DEBUG org.apache.http.headers -- http-outgoing-3 << Date: Sun, 23 Nov 2025 20:05:24 GMT
01:35:23.883 [main] DEBUG org.apache.http.headers -- http-outgoing-3 << Content-Type: application/json; charset=utf-8
01:35:23.883 [main] DEBUG org.apache.http.headers -- http-outgoing-3 << Content-Length: 106
01:35:23.883 [main] DEBUG org.apache.http.headers -- http-outgoing-3 << Connection: keep-alive
01:35:23.883 [main] DEBUG org.apache.http.headers -- http-outgoing-3 << access-control-allow-credentials: true
01:35:23.883 [main] DEBUG org.apache.http.headers -- http-outgoing-3 << access-control-expose-headers: Location
01:35:23.883 [main] DEBUG org.apache.http.headers -- http-outgoing-3 << Cache-Control: no-cache
01:35:23.883 [main] DEBUG org.apache.http.headers -- http-outgoing-3 << etag: W/"6a-jDQhzOa7EKw+sbqCUhaiVvAWHf8"
01:35:23.883 [main] DEBUG org.apache.http.headers -- http-outgoing-3 << expires: -1
01:35:23.883 [main] DEBUG org.apache.http.headers -- http-outgoing-3 << location: https://jsonplaceholder.typicode.com/users/11
01:35:23.883 [main] DEBUG org.apache.http.headers -- http-outgoing-3 << nel: {"report_to":"heroku-nel","response_headers":["Via"],"max_age":3600,"success_fraction":0.01,"failure_fraction":0.1}
01:35:23.883 [main] DEBUG org.apache.http.headers -- http-outgoing-3 << pragma: no-cache
01:35:23.883 [main] DEBUG org.apache.http.headers -- http-outgoing-3 << report-to: {"group":"heroku-nel","endpoints":[{"url":"https://nel.heroku.com/reports?s=4UsPgWq0p9CiPFUmO7EEf8fc3lKLRj9F3nRTYzLEki8%3D\u0026sid=e11707d5-02a7-43ef-b45e-2cf4d2036f7d\u0026ts=1763928324"}],"max_age":3600}
01:35:23.883 [main] DEBUG org.apache.http.headers -- http-outgoing-3 << reporting-endpoints: heroku-nel="https://nel.heroku.com/reports?s=4UsPgWq0p9CiPFUmO7EEf8fc3lKLRj9F3nRTYzLEki8%3D&sid=e11707d5-02a7-43ef-b45e-2cf4d2036f7d&ts=1763928324"
01:35:23.883 [main] DEBUG org.apache.http.headers -- http-outgoing-3 << Server: cloudflare
01:35:23.885 [main] DEBUG org.apache.http.headers -- http-outgoing-3 << vary: Origin, X-HTTP-Method-Override, Accept-Encoding
01:35:23.885 [main] DEBUG org.apache.http.headers -- http-outgoing-3 << via: 2.0 heroku-router
01:35:23.885 [main] DEBUG org.apache.http.headers -- http-outgoing-3 << x-content-type-options: nosniff
01:35:23.885 [main] DEBUG org.apache.http.headers -- http-outgoing-3 << x-powered-by: Express
01:35:23.885 [main] DEBUG org.apache.http.headers -- http-outgoing-3 << x-ratelimit-limit: 1000
01:35:23.885 [main] DEBUG org.apache.http.headers -- http-outgoing-3 << x-ratelimit-remaining: 996
01:35:23.885 [main] DEBUG org.apache.http.headers -- http-outgoing-3 << x-ratelimit-reset: 1763928354
01:35:23.885 [main] DEBUG org.apache.http.headers -- http-outgoing-3 << cf-cache-status: DYNAMIC
01:35:23.885 [main] DEBUG org.apache.http.headers -- http-outgoing-3 << Server-Timing: cfCacheStatus;desc="DYNAMIC"
01:35:23.885 [main] DEBUG org.apache.http.headers -- http-outgoing-3 << Server-Timing: cfEdge;dur=14,cfOrigin;dur=232
01:35:23.885 [main] DEBUG org.apache.http.headers -- http-outgoing-3 << CF-RAY: 9a3347fbe877f8e4-SIN
01:35:23.885 [main] DEBUG org.apache.http.headers -- http-outgoing-3 << alt-svc: h3=":443"; ma=86400
01:35:23.885 [main] DEBUG org.apache.http.impl.execchain.MainClientExec -- Connection can be kept alive indefinitely
01:35:23.885 [main] DEBUG org.apache.http.wire -- http-outgoing-3 << "il": "Harish@a.net",[\n]"
01:35:23.885 [main] DEBUG org.apache.http.wire -- http-outgoing-3 << "  "phone_no": "765",[\n]"
01:35:23.885 [main] DEBUG org.apache.http.wire -- http-outgoing-3 << "  "id": 11[\n]"
01:35:23.885 [main] DEBUG org.apache.http.wire -- http-outgoing-3 << "}"
01:35:23.887 [main] DEBUG org.apache.http.impl.conn.PoolingHttpClientConnectionManager -- Connection [id: 3][route: {s}->https://jsonplaceholder.typicode.com:443] can be kept alive indefinitely
01:35:23.887 [main] DEBUG org.apache.http.impl.conn.DefaultManagedHttpClientConnection -- http-outgoing-3: set socket timeout to 0
01:35:23.887 [main] DEBUG org.apache.http.impl.conn.PoolingHttpClientConnectionManager -- Connection released: [id: 3][route: {s}->https://jsonplaceholder.typicode.com:443][total available: 1; route allocated: 1 of 5; total allocated: 1 of 10]
01:35:23.887 [main] DEBUG org.apache.http.impl.conn.PoolingHttpClientConnectionManager -- Connection manager is shutting down
01:35:23.887 [main] DEBUG org.apache.http.impl.conn.DefaultManagedHttpClientConnection -- http-outgoing-3: Close connection
01:35:23.889 [main] DEBUG org.apache.http.impl.conn.PoolingHttpClientConnectionManager -- Connection manager shut down
01:35:23.889 [main] DEBUG com.intuit.karate -- response time in milliseconds: 697
1 < 201
1 < Date: Sun, 23 Nov 2025 20:05:24 GMT
1 < Content-Type: application/json; charset=utf-8
1 < Content-Length: 106
1 < Connection: keep-alive
1 < access-control-allow-credentials: true
1 < access-control-expose-headers: Location
1 < Cache-Control: no-cache
1 < etag: W/"6a-jDQhzOa7EKw+sbqCUhaiVvAWHf8"
1 < expires: -1
1 < location: https://jsonplaceholder.typicode.com/users/11
1 < nel: {"report_to":"heroku-nel","response_headers":["Via"],"max_age":3600,"success_fraction":0.01,"failure_fraction":0.1}
1 < pragma: no-cache
1 < report-to: {"group":"heroku-nel","endpoints":[{"url":"https://nel.heroku.com/reports?s=4UsPgWq0p9CiPFUmO7EEf8fc3lKLRj9F3nRTYzLEki8%3D\u0026sid=e11707d5-02a7-43ef-b45e-2cf4d2036f7d\u0026ts=1763928324"}],"max_age":3600}
1 < reporting-endpoints: heroku-nel="https://nel.heroku.com/reports?s=4UsPgWq0p9CiPFUmO7EEf8fc3lKLRj9F3nRTYzLEki8%3D&sid=e11707d5-02a7-43ef-b45e-2cf4d2036f7d&ts=1763928324"
1 < Server: cloudflare
1 < vary: Origin, X-HTTP-Method-Override, Accept-Encoding
1 < via: 2.0 heroku-router
1 < x-content-type-options: nosniff
1 < x-powered-by: Express
1 < x-ratelimit-limit: 1000
1 < x-ratelimit-remaining: 996
1 < x-ratelimit-reset: 1763928354
1 < cf-cache-status: DYNAMIC
1 < Server-Timing: cfCacheStatus;desc="DYNAMIC"
1 < Server-Timing: cfEdge;dur=14,cfOrigin;dur=232
1 < CF-RAY: 9a3347fbe877f8e4-SIN
1 < alt-svc: h3=":443"; ma=86400
{
  "name": "Harish",
  "username": "Muleva",
  "email": "Harish@a.net",
  "phone_no": "765",
  "id": 11
}

01:35:23.892 [main] DEBUG com.jayway.jsonpath.internal.path.CompiledPath -- Evaluating path: $['name']
01:35:23.894 [main] DEBUG com.jayway.jsonpath.internal.path.CompiledPath -- Evaluating path: $['username']
01:35:23.896 [main] DEBUG com.jayway.jsonpath.internal.path.CompiledPath -- Evaluating path: $['email']
01:35:23.896 [main] DEBUG com.jayway.jsonpath.internal.path.CompiledPath -- Evaluating path: $['phone_no']
01:35:23.993 [main] DEBUG org.thymeleaf.TemplateEngine -- [THYMELEAF] INITIALIZING TEMPLATE ENGINE
01:35:24.150 [main] DEBUG org.thymeleaf.TemplateEngine.CONFIG -- Initializing Thymeleaf Template engine configuration...
[THYMELEAF] TEMPLATE ENGINE CONFIGURATION:
[THYMELEAF] * Thymeleaf version: 3.1.2.RELEASE (built 2023-07-30T19:25:50+0000)
[THYMELEAF] * Cache Manager implementation: org.thymeleaf.cache.StandardCacheManager
[THYMELEAF] * Template resolvers:
[THYMELEAF]     * [1] com.intuit.karate.template.ResourceHtmlTemplateResolver
[THYMELEAF] * Message resolvers:
[THYMELEAF]     * org.thymeleaf.messageresolver.StandardMessageResolver
[THYMELEAF] * Link builders:
[THYMELEAF]     * org.thymeleaf.linkbuilder.StandardLinkBuilder
[THYMELEAF] * Dialect [1 of 2]: Standard (com.intuit.karate.template.KarateStandardDialect)
[THYMELEAF]     * Prefix: "th"
[THYMELEAF]     * Processors for Template Mode: HTML
[THYMELEAF]         * Element Tag Processors by [matching element and attribute name] [precedence]:
[THYMELEAF]             * [* {th:include,data-th-include}] [100]: org.thymeleaf.standard.processor.StandardIncludeTagProcessor
[THYMELEAF]             * [* {th:insert,data-th-insert}] [100]: org.thymeleaf.standard.processor.StandardInsertTagProcessor
[THYMELEAF]             * [* {th:replace,data-th-replace}] [100]: org.thymeleaf.standard.processor.StandardReplaceTagProcessor
[THYMELEAF]             * [* {th:each,data-th-each}] [200]: com.intuit.karate.template.KarateEachTagProcessor
[THYMELEAF]             * [* {th:switch,data-th-switch}] [250]: org.thymeleaf.standard.processor.StandardSwitchTagProcessor
[THYMELEAF]             * [* {th:case,data-th-case}] [275]: org.thymeleaf.standard.processor.StandardCaseTagProcessor
[THYMELEAF]             * [* {th:if,data-th-if}] [300]: org.thymeleaf.standard.processor.StandardIfTagProcessor
[THYMELEAF]             * [* {th:unless,data-th-unless}] [400]: org.thymeleaf.standard.processor.StandardUnlessTagProcessor
[THYMELEAF]             * [* {th:object,data-th-object}] [500]: org.thymeleaf.standard.processor.StandardObjectTagProcessor
[THYMELEAF]             * [* {th:with,data-th-with}] [600]: com.intuit.karate.template.KarateWithTagProcessor
[THYMELEAF]             * [* {th:attr,data-th-attr}] [700]: com.intuit.karate.template.KarateAttributeTagProcessor.KarateAttrTagProcessor
[THYMELEAF]             * [* {th:attrappend,data-th-attrappend}] [900]: com.intuit.karate.template.KarateAttributeTagProcessor.KarateAttrappendTagProcessor
[THYMELEAF]             * [* {th:attrprepend,data-th-attrprepend}] [900]: com.intuit.karate.template.KarateAttributeTagProcessor.KarateAttrprependTagProcessor
[THYMELEAF]             * [* {th:alt-title,data-th-alt-title}] [990]: org.thymeleaf.standard.processor.StandardAltTitleTagProcessor
[THYMELEAF]             * [* {th:lang-xmllang,data-th-lang-xmllang}] [990]: org.thymeleaf.standard.processor.StandardLangXmlLangTagProcessor
[THYMELEAF]             * [* {th:action,data-th-action}] [1000]: org.thymeleaf.standard.processor.StandardActionTagProcessor
[THYMELEAF]             * [* {th:open,data-th-open}] [1000]: org.thymeleaf.standard.processor.StandardConditionalFixedValueTagProcessor
[THYMELEAF]             * [* {th:autofocus,data-th-autofocus}] [1000]: org.thymeleaf.standard.processor.StandardConditionalFixedValueTagProcessor
[THYMELEAF]             * [* {th:declare,data-th-declare}] [1000]: org.thymeleaf.standard.processor.StandardConditionalFixedValueTagProcessor
[THYMELEAF]             * [* {th:required,data-th-required}] [1000]: org.thymeleaf.standard.processor.StandardConditionalFixedValueTagProcessor
[THYMELEAF]             * [* {th:async,data-th-async}] [1000]: org.thymeleaf.standard.processor.StandardConditionalFixedValueTagProcessor
[THYMELEAF]             * [* {th:loop,data-th-loop}] [1000]: org.thymeleaf.standard.processor.StandardConditionalFixedValueTagProcessor
[THYMELEAF]             * [* {th:autoplay,data-th-autoplay}] [1000]: org.thymeleaf.standard.processor.StandardConditionalFixedValueTagProcessor
[THYMELEAF]             * [* {th:formnovalidate,data-th-formnovalidate}] [1000]: org.thymeleaf.standard.processor.StandardConditionalFixedValueTagProcessor
[THYMELEAF]             * [* {th:novalidate,data-th-novalidate}] [1000]: org.thymeleaf.standard.processor.StandardConditionalFixedValueTagProcessor
[THYMELEAF]             * [* {th:hidden,data-th-hidden}] [1000]: org.thymeleaf.standard.processor.StandardConditionalFixedValueTagProcessor
[THYMELEAF]             * [* {th:defer,data-th-defer}] [1000]: org.thymeleaf.standard.processor.StandardConditionalFixedValueTagProcessor
[THYMELEAF]             * [* {th:pubdate,data-th-pubdate}] [1000]: org.thymeleaf.standard.processor.StandardConditionalFixedValueTagProcessor
[THYMELEAF]             * [* {th:ismap,data-th-ismap}] [1000]: org.thymeleaf.standard.processor.StandardConditionalFixedValueTagProcessor
[THYMELEAF]             * [* {th:scoped,data-th-scoped}] [1000]: org.thymeleaf.standard.processor.StandardConditionalFixedValueTagProcessor
[THYMELEAF]             * [* {th:readonly,data-th-readonly}] [1000]: org.thymeleaf.standard.processor.StandardConditionalFixedValueTagProcessor
[THYMELEAF]             * [* {th:checked,data-th-checked}] [1000]: org.thymeleaf.standard.processor.StandardConditionalFixedValueTagProcessor
[THYMELEAF]             * [* {th:nowrap,data-th-nowrap}] [1000]: org.thymeleaf.standard.processor.StandardConditionalFixedValueTagProcessor
[THYMELEAF]             * [* {th:selected,data-th-selected}] [1000]: org.thymeleaf.standard.processor.StandardConditionalFixedValueTagProcessor
[...]
[THYMELEAF]             * [* {th:alt,data-th-alt}] [1000]: org.thymeleaf.standard.processor.StandardRemovableAttributeTagProcessor
[THYMELEAF]             * [* {th:media,data-th-media}] [1000]: org.thymeleaf.standard.processor.StandardRemovableAttributeTagProcessor
[THYMELEAF]             * [* {th:challenge,data-th-challenge}] [1000]: org.thymeleaf.standard.processor.StandardRemovableAttributeTagProcessor
[THYMELEAF]             * [* {th:list,data-th-list}] [1000]: org.thymeleaf.standard.processor.StandardRemovableAttributeTagProcessor
[THYMELEAF]             * [* {th:abbr,data-th-abbr}] [1000]: org.thymeleaf.standard.processor.StandardRemovableAttributeTagProcessor
[THYMELEAF]             * [* {th:high,data-th-high}] [1000]: org.thymeleaf.standard.processor.StandardRemovableAttributeTagProcessor
[THYMELEAF]             * [* {th:marginheight,data-th-marginheight}] [1000]: org.thymeleaf.standard.processor.StandardRemovableAttributeTagProcessor
[THYMELEAF]             * [* {th:border,data-th-border}] [1000]: org.thymeleaf.standard.processor.StandardRemovableAttributeTagProcessor
[THYMELEAF]             * [* {th:sizes,data-th-sizes}] [1000]: org.thymeleaf.standard.processor.StandardRemovableAttributeTagProcessor
[THYMELEAF]             * [* {th:step,data-th-step}] [1000]: org.thymeleaf.standard.processor.StandardRemovableAttributeTagProcessor
[THYMELEAF]             * [* {th:width,data-th-width}] [1000]: org.thymeleaf.standard.processor.StandardRemovableAttributeTagProcessor
[THYMELEAF]             * [* {th:srclang,data-th-srclang}] [1000]: org.thymeleaf.standard.processor.StandardRemovableAttributeTagProcessor
[THYMELEAF]             * [* {th:min,data-th-min}] [1000]: org.thymeleaf.standard.processor.StandardRemovableAttributeTagProcessor
[THYMELEAF]             * [* {th:charset,data-th-charset}] [1000]: org.thymeleaf.standard.processor.StandardRemovableAttributeTagProcessor
[THYMELEAF]             * [* {th:formaction,data-th-formaction}] [1000]: org.thymeleaf.standard.processor.StandardRemovableAttributeTagProcessor
[THYMELEAF]             * [* {th:low,data-th-low}] [1000]: org.thymeleaf.standard.processor.StandardRemovableAttributeTagProcessor
[THYMELEAF]             * [* {th:draggable,data-th-draggable}] [1000]: org.thymeleaf.standard.processor.StandardRemovableAttributeTagProcessor
[THYMELEAF]             * [* {th:autocomplete,data-th-autocomplete}] [1000]: org.thymeleaf.standard.processor.StandardRemovableAttributeTagProcessor
[THYMELEAF]             * [* {th:formtarget,data-th-formtarget}] [1000]: org.thymeleaf.standard.processor.StandardRemovableAttributeTagProcessor
[THYMELEAF]             * [* {th:icon,data-th-icon}] [1000]: org.thymeleaf.standard.processor.StandardRemovableAttributeTagProcessor
[THYMELEAF]             * [* {th:accept,data-th-accept}] [1000]: org.thymeleaf.standard.processor.StandardRemovableAttributeTagProcessor
[THYMELEAF]             * [* {th:title,data-th-title}] [1000]: org.thymeleaf.standard.processor.StandardRemovableAttributeTagProcessor
[THYMELEAF]             * [* {th:align,data-th-align}] [1000]: org.thymeleaf.standard.processor.StandardRemovableAttributeTagProcessor
[THYMELEAF]             * [* {th:hspace,data-th-hspace}] [1000]: org.thymeleaf.standard.processor.StandardRemovableAttributeTagProcessor
[THYMELEAF]             * [* {th:style,data-th-style}] [1000]: org.thymeleaf.standard.processor.StandardRemovableAttributeTagProcessor
[THYMELEAF]             * [* {th:for,data-th-for}] [1000]: org.thymeleaf.standard.processor.StandardRemovableAttributeTagProcessor
[THYMELEAF]             * [* {th:form,data-th-form}] [1000]: org.thymeleaf.standard.processor.StandardRemovableAttributeTagProcessor
[THYMELEAF]             * [* {th:manifest,data-th-manifest}] [1000]: org.thymeleaf.standard.processor.StandardRemovableAttributeTagProcessor
[THYMELEAF]             * [* {th:rel,data-th-rel}] [1000]: org.thymeleaf.standard.processor.StandardRemovableAttributeTagProcessor
[THYMELEAF]             * [* {th:rows,data-th-rows}] [1000]: org.thymeleaf.standard.processor.StandardRemovableAttributeTagProcessor
[THYMELEAF]             * [* {th:poster,data-th-poster}] [1000]: org.thymeleaf.standard.processor.StandardRemovableAttributeTagProcessor
[THYMELEAF]             * [* {th:marginwidth,data-th-marginwidth}] [1000]: org.thymeleaf.standard.processor.StandardRemovableAttributeTagProcessor
[THYMELEAF]             * [* {th:frameborder,data-th-frameborder}] [1000]: org.thymeleaf.standard.processor.StandardRemovableAttributeTagProcessor
[THYMELEAF]             * [* {th:codetype,data-th-codetype}] [1000]: org.thymeleaf.standard.processor.StandardRemovableAttributeTagProcessor
[THYMELEAF]             * [* {th:pattern,data-th-pattern}] [1000]: org.thymeleaf.standard.processor.StandardRemovableAttributeTagProcessor
[THYMELEAF]             * [* {th:wrap,data-th-wrap}] [1000]: org.thymeleaf.standard.processor.StandardRemovableAttributeTagProcessor
[THYMELEAF]             * [* {th:dropzone,data-th-dropzone}] [1000]: org.thymeleaf.standard.processor.StandardRemovableAttributeTagProcessor
[THYMELEAF]             * [* {th:longdesc,data-th-longdesc}] [1000]: org.thymeleaf.standard.processor.StandardRemovableAttributeTagProcessor
[THYMELEAF]             * [* {th:audio,data-th-audio}] [1000]: org.thymeleaf.standard.processor.StandardRemovableAttributeTagProcessor
[THYMELEAF]             * [* {th:src,data-th-src}] [1000]: org.thymeleaf.standard.processor.StandardSrcTagProcessor
[THYMELEAF]             * [* {th:value,data-th-value}] [1000]: org.thymeleaf.standard.processor.StandardValueTagProcessor
[THYMELEAF]             * [* {th:xmlbase,data-th-xmlbase}] [1000]: org.thymeleaf.standard.processor.StandardXmlBaseTagProcessor
[THYMELEAF]             * [* {th:xmllang,data-th-xmllang}] [1000]: org.thymeleaf.standard.processor.StandardXmlLangTagProcessor
[THYMELEAF]             * [* {xmlns:th}] [1000]: org.thymeleaf.standard.processor.StandardXmlNsTagProcessor
[THYMELEAF]             * [* {th:xmlspace,data-th-xmlspace}] [1000]: org.thymeleaf.standard.processor.StandardXmlSpaceTagProcessor
[THYMELEAF]             * [* {th:classappend,data-th-classappend}] [1100]: org.thymeleaf.standard.processor.StandardClassappendTagProcessor
[THYMELEAF]             * [* {th:styleappend,data-th-styleappend}] [1100]: org.thymeleaf.standard.processor.StandardStyleappendTagProcessor
[THYMELEAF]             * [* {th:text,data-th-text}] [1300]: org.thymeleaf.standard.processor.StandardTextTagProcessor
[THYMELEAF]             * [* {th:utext,data-th-utext}] [1400]: org.thymeleaf.standard.processor.StandardUtextTagProcessor
[THYMELEAF]             * [* {th:fragment,data-th-fragment}] [1500]: org.thymeleaf.standard.processor.StandardFragmentTagProcessor
[THYMELEAF]             * [* {th:assert,data-th-assert}] [1550]: org.thymeleaf.standard.processor.StandardAssertTagProcessor
[THYMELEAF]             * [* {th:remove,data-th-remove}] [1600]: org.thymeleaf.standard.processor.StandardRemoveTagProcessor
[THYMELEAF]             * [* {th:ref,data-th-ref}] [10000]: org.thymeleaf.standard.processor.StandardRefAttributeTagProcessor
[THYMELEAF]             * [{th:block,th-block} *] [100000]: org.thymeleaf.standard.processor.StandardBlockTagProcessor
[THYMELEAF]             * [* th:*] [2147483647]: org.thymeleaf.standard.processor.StandardDefaultAttributesTagProcessor
[THYMELEAF]         * Text Processors by [precedence]:
[THYMELEAF]             * [1000]: org.thymeleaf.standard.processor.StandardInliningTextProcessor
[THYMELEAF]         * DOCTYPE Processors by [precedence]:
[THYMELEAF]             * [1000]: org.thymeleaf.standard.processor.StandardTranslationDocTypeProcessor
[THYMELEAF]         * CDATA Section Processors by [precedence]:
[THYMELEAF]             * [1000]: org.thymeleaf.standard.processor.StandardInliningCDATASectionProcessor
[THYMELEAF]         * Comment Processors by [precedence]:
[THYMELEAF]             * [1000]: org.thymeleaf.standard.processor.StandardInliningCommentProcessor
[THYMELEAF]             * [1100]: org.thymeleaf.standard.processor.StandardConditionalCommentProcessor
[THYMELEAF]     * Processors for Template Mode: XML
[THYMELEAF]         * Element Tag Processors by [matching element and attribute name] [precedence]:
[THYMELEAF]             * [* {th:include}] [100]: org.thymeleaf.standard.processor.StandardIncludeTagProcessor
[THYMELEAF]             * [* {th:insert}] [100]: org.thymeleaf.standard.processor.StandardInsertTagProcessor
[THYMELEAF]             * [* {th:replace}] [100]: org.thymeleaf.standard.processor.StandardReplaceTagProcessor
[THYMELEAF]             * [* {th:each}] [200]: com.intuit.karate.template.KarateEachTagProcessor
[THYMELEAF]             * [* {th:switch}] [250]: org.thymeleaf.standard.processor.StandardSwitchTagProcessor
[THYMELEAF]             * [* {th:case}] [275]: org.thymeleaf.standard.processor.StandardCaseTagProcessor
[THYMELEAF]             * [* {th:if}] [300]: org.thymeleaf.standard.processor.StandardIfTagProcessor
[THYMELEAF]             * [* {th:unless}] [400]: org.thymeleaf.standard.processor.StandardUnlessTagProcessor
[THYMELEAF]             * [* {th:object}] [500]: org.thymeleaf.standard.processor.StandardObjectTagProcessor
[THYMELEAF]             * [* {th:with}] [600]: com.intuit.karate.template.KarateWithTagProcessor
[THYMELEAF]             * [* {th:attr}] [700]: com.intuit.karate.template.KarateAttributeTagProcessor.KarateAttrTagProcessor
[THYMELEAF]             * [* {th:attrappend}] [900]: com.intuit.karate.template.KarateAttributeTagProcessor.KarateAttrappendTagProcessor
[THYMELEAF]             * [* {th:attrprepend}] [900]: com.intuit.karate.template.KarateAttributeTagProcessor.KarateAttrprependTagProcessor
[THYMELEAF]             * [* {th:inline}] [1000]: org.thymeleaf.standard.processor.StandardInlineXMLTagProcessor
[THYMELEAF]             * [* {xmlns:th}] [1000]: org.thymeleaf.standard.processor.StandardXmlNsTagProcessor
[THYMELEAF]             * [* {th:text}] [1300]: org.thymeleaf.standard.processor.StandardTextTagProcessor
[THYMELEAF]             * [* {th:utext}] [1400]: org.thymeleaf.standard.processor.StandardUtextTagProcessor
[THYMELEAF]             * [* {th:fragment}] [1500]: org.thymeleaf.standard.processor.StandardFragmentTagProcessor
[THYMELEAF]             * [* {th:assert}] [1550]: org.thymeleaf.standard.processor.StandardAssertTagProcessor
[THYMELEAF]             * [* {th:remove}] [1600]: org.thymeleaf.standard.processor.StandardRemoveTagProcessor
[THYMELEAF]             * [* {th:ref}] [10000]: org.thymeleaf.standard.processor.StandardRefAttributeTagProcessor
[THYMELEAF]             * [{th:block} *] [100000]: org.thymeleaf.standard.processor.StandardBlockTagProcessor
[THYMELEAF]             * [* th:*] [2147483647]: org.thymeleaf.standard.processor.StandardDefaultAttributesTagProcessor
[THYMELEAF]         * Text Processors by [precedence]:
[THYMELEAF]             * [1000]: org.thymeleaf.standard.processor.StandardInliningTextProcessor
[THYMELEAF]         * CDATA Section Processors by [precedence]:
[THYMELEAF]             * [1000]: org.thymeleaf.standard.processor.StandardInliningCDATASectionProcessor
[THYMELEAF]         * Comment Processors by [precedence]:
[THYMELEAF]             * [1000]: org.thymeleaf.standard.processor.StandardInliningCommentProcessor
[THYMELEAF]     * Processors for Template Mode: TEXT
[THYMELEAF]         * Element Tag Processors by [matching element and attribute name] [precedence]:
[THYMELEAF]             * [* {th:insert}] [100]: org.thymeleaf.standard.processor.StandardInsertTagProcessor
[THYMELEAF]             * [* {th:replace}] [100]: org.thymeleaf.standard.processor.StandardReplaceTagProcessor
[THYMELEAF]             * [* {th:each}] [200]: com.intuit.karate.template.KarateEachTagProcessor
[THYMELEAF]             * [* {th:switch}] [250]: org.thymeleaf.standard.processor.StandardSwitchTagProcessor
[THYMELEAF]             * [* {th:case}] [275]: org.thymeleaf.standard.processor.StandardCaseTagProcessor
[THYMELEAF]             * [* {th:if}] [300]: org.thymeleaf.standard.processor.StandardIfTagProcessor
[THYMELEAF]             * [* {th:unless}] [400]: org.thymeleaf.standard.processor.StandardUnlessTagProcessor
[THYMELEAF]             * [* {th:object}] [500]: org.thymeleaf.standard.processor.StandardObjectTagProcessor
[THYMELEAF]             * [* {th:with}] [600]: com.intuit.karate.template.KarateWithTagProcessor
[THYMELEAF]             * [* {th:inline}] [1000]: org.thymeleaf.standard.processor.StandardInlineTextualTagProcessor
[THYMELEAF]             * [* {th:text}] [1300]: org.thymeleaf.standard.processor.StandardTextTagProcessor
[THYMELEAF]             * [* {th:utext}] [1400]: org.thymeleaf.standard.processor.StandardUtextTagProcessor
[THYMELEAF]             * [* {th:assert}] [1550]: org.thymeleaf.standard.processor.StandardAssertTagProcessor
[THYMELEAF]             * [* {th:remove}] [1600]: org.thymeleaf.standard.processor.StandardRemoveTagProcessor
[THYMELEAF]             * [* 100000] [org.thymeleaf.standard.processor.StandardBlockTagProcessor]: {}
[THYMELEAF]             * [{th:block} *] [100000]: org.thymeleaf.standard.processor.StandardBlockTagProcessor
[THYMELEAF]         * Text Processors by [precedence]:
[THYMELEAF]             * [1000]: org.thymeleaf.standard.processor.StandardInliningTextProcessor
[THYMELEAF]     * Processors for Template Mode: JAVASCRIPT
[THYMELEAF]         * Element Tag Processors by [matching element and attribute name] [precedence]:
[THYMELEAF]             * [* {th:insert}] [100]: org.thymeleaf.standard.processor.StandardInsertTagProcessor
[THYMELEAF]             * [* {th:replace}] [100]: org.thymeleaf.standard.processor.StandardReplaceTagProcessor
[THYMELEAF]             * [* {th:each}] [200]: com.intuit.karate.template.KarateEachTagProcessor
[THYMELEAF]             * [* {th:switch}] [250]: org.thymeleaf.standard.processor.StandardSwitchTagProcessor
[THYMELEAF]             * [* {th:case}] [275]: org.thymeleaf.standard.processor.StandardCaseTagProcessor
[THYMELEAF]             * [* {th:if}] [300]: org.thymeleaf.standard.processor.StandardIfTagProcessor
[THYMELEAF]             * [* {th:unless}] [400]: org.thymeleaf.standard.processor.StandardUnlessTagProcessor
[THYMELEAF]             * [* {th:object}] [500]: org.thymeleaf.standard.processor.StandardObjectTagProcessor
[THYMELEAF]             * [* {th:with}] [600]: com.intuit.karate.template.KarateWithTagProcessor
[THYMELEAF]             * [* {th:inline}] [1000]: org.thymeleaf.standard.processor.StandardInlineTextualTagProcessor
[THYMELEAF]             * [* {th:text}] [1300]: org.thymeleaf.standard.processor.StandardTextTagProcessor
[THYMELEAF]             * [* {th:utext}] [1400]: org.thymeleaf.standard.processor.StandardUtextTagProcessor
[THYMELEAF]             * [* {th:assert}] [1550]: org.thymeleaf.standard.processor.StandardAssertTagProcessor
[THYMELEAF]             * [* {th:remove}] [1600]: org.thymeleaf.standard.processor.StandardRemoveTagProcessor
[THYMELEAF]             * [* 100000] [org.thymeleaf.standard.processor.StandardBlockTagProcessor]: {}
[THYMELEAF]             * [{th:block} *] [100000]: org.thymeleaf.standard.processor.StandardBlockTagProcessor
[THYMELEAF]         * Text Processors by [precedence]:
[THYMELEAF]             * [1000]: org.thymeleaf.standard.processor.StandardInliningTextProcessor
[THYMELEAF]     * Processors for Template Mode: CSS
[THYMELEAF]         * Element Tag Processors by [matching element and attribute name] [precedence]:
[THYMELEAF]             * [* {th:insert}] [100]: org.thymeleaf.standard.processor.StandardInsertTagProcessor
[THYMELEAF]             * [* {th:replace}] [100]: org.thymeleaf.standard.processor.StandardReplaceTagProcessor
[THYMELEAF]             * [* {th:each}] [200]: com.intuit.karate.template.KarateEachTagProcessor
[THYMELEAF]             * [* {th:switch}] [250]: org.thymeleaf.standard.processor.StandardSwitchTagProcessor
[THYMELEAF]             * [* {th:case}] [275]: org.thymeleaf.standard.processor.StandardCaseTagProcessor
[THYMELEAF]             * [* {th:if}] [300]: org.thymeleaf.standard.processor.StandardIfTagProcessor
[THYMELEAF]             * [* {th:unless}] [400]: org.thymeleaf.standard.processor.StandardUnlessTagProcessor
[THYMELEAF]             * [* {th:object}] [500]: org.thymeleaf.standard.processor.StandardObjectTagProcessor
[THYMELEAF]             * [* {th:with}] [600]: com.intuit.karate.template.KarateWithTagProcessor
[THYMELEAF]             * [* {th:inline}] [1000]: org.thymeleaf.standard.processor.StandardInlineTextualTagProcessor
[THYMELEAF]             * [* {th:text}] [1300]: org.thymeleaf.standard.processor.StandardTextTagProcessor
[THYMELEAF]             * [* {th:utext}] [1400]: org.thymeleaf.standard.processor.StandardUtextTagProcessor
[THYMELEAF]             * [* {th:assert}] [1550]: org.thymeleaf.standard.processor.StandardAssertTagProcessor
[THYMELEAF]             * [* {th:remove}] [1600]: org.thymeleaf.standard.processor.StandardRemoveTagProcessor
[THYMELEAF]             * [{th:block} *] [100000]: org.thymeleaf.standard.processor.StandardBlockTagProcessor
[THYMELEAF]             * [* 100000] [org.thymeleaf.standard.processor.StandardBlockTagProcessor]: {}
[THYMELEAF]         * Text Processors by [precedence]:
[THYMELEAF]             * [1000]: org.thymeleaf.standard.processor.StandardInliningTextProcessor
[THYMELEAF]     * Expression Objects:
[THYMELEAF]         * #ctx
[THYMELEAF]         * #root
[THYMELEAF]         * #vars
[THYMELEAF]         * #object
[THYMELEAF]         * #locale
[THYMELEAF]         * #conversions
[THYMELEAF]         * #uris
[THYMELEAF]         * #temporals
[THYMELEAF]         * #calendars
[THYMELEAF]         * #dates
[THYMELEAF]         * #bools
[THYMELEAF]         * #numbers
[THYMELEAF]         * #objects
[THYMELEAF]         * #strings
[THYMELEAF]         * #arrays
[THYMELEAF]         * #lists
[THYMELEAF]         * #sets
[THYMELEAF]         * #maps
[THYMELEAF]         * #aggregates
[THYMELEAF]         * #messages
[THYMELEAF]         * #ids
[THYMELEAF]         * #execInfo
[THYMELEAF]         * #request
[THYMELEAF]         * #response
[THYMELEAF]         * #session
[THYMELEAF]         * #servletContext
[THYMELEAF]     * Execution Attributes:
[THYMELEAF]         * "StandardExpressionParser": com.intuit.karate.template.KarateStandardDialect@4e2824b1
[THYMELEAF]         * "StandardJavaScriptSerializer": org.thymeleaf.standard.serializer.StandardJavaScriptSerializer@5bbf744b
[THYMELEAF]         * "StandardCSSSerializer": org.thymeleaf.standard.serializer.StandardCSSSerializer@55881f40
[THYMELEAF]         * "StandardVariableExpressionEvaluator": com.intuit.karate.template.KarateStandardDialect@4e2824b1
[THYMELEAF]         * "StandardConversionService": org.thymeleaf.standard.expression.StandardConversionService@474ce6b8
[THYMELEAF] * Dialect [2 of 2]: karate (com.intuit.karate.template.KarateScriptDialect)
[THYMELEAF]     * Prefix: "ka"
[THYMELEAF]     * Processors for Template Mode: HTML
[THYMELEAF]         * Element Tag Processors by [matching element and attribute name] [precedence]:
[THYMELEAF]             * [* {src}] [1000]: com.intuit.karate.template.KaScriptAttrProcessor
[THYMELEAF]         * Element Model Processors by [matching element and attribute name] [precedence]:
[THYMELEAF]             * [{script} {ka:scope,data-ka-scope}] [1000]: com.intuit.karate.template.KaScriptElemProcessor
[THYMELEAF]             * [* {ka:set,data-ka-set}] [1000]: com.intuit.karate.template.KaSetElemProcessor
[THYMELEAF] TEMPLATE ENGINE CONFIGURED OK
01:35:24.811 [main] DEBUG org.thymeleaf.TemplateEngine -- [THYMELEAF] TEMPLATE ENGINE INITIALIZED

HTML report: (paste into browser to view) | Karate version: 1.4.1
file:///C:/gourav/karate/target/karate-reports/karate-summary.html
===================================================================

]]></system-out>
  </testcase>
</testsuite>